
This file contains any messages produced by compilers while
running configure, to aid debugging if configure makes a mistake.

It was created by ALTMiner configure 0.5.4pre1, which was
generated by GNU Autoconf 2.68.  Invocation command line was

  $ ./configure --enable-scrypt

## --------- ##
## Platform. ##
## --------- ##

hostname = CY-PC
uname -m = i686
uname -r = 1.0.17(0.48/3/2)
uname -s = MINGW32_NT-6.1
uname -v = 2011-04-24 23:39

/usr/bin/uname -p = unknown
/bin/uname -X     = unknown

/bin/arch              = unknown
/usr/bin/arch -k       = unknown
/usr/convex/getsysinfo = unknown
/usr/bin/hostinfo      = unknown
/bin/machine           = unknown
/usr/bin/oslevel       = unknown
/bin/universe          = unknown

PATH: .
PATH: /usr/local/bin
PATH: /mingw/bin
PATH: /bin
PATH: /c/Program Files (x86)/AMD APP/bin/x86_64
PATH: /c/Program Files (x86)/AMD APP/bin/x86
PATH: /d/Documents/Documents/AMD APP/bin/x86_64
PATH: /d/Documents/Documents/AMD APP/bin/x86
PATH: /d/Program Files/AMDAPPSDK/AMD APP SDK/2.9/bin/x86_64
PATH: /d/Program Files/AMDAPPSDK/AMD APP SDK/2.9/bin/x86
PATH: /c/Program Files (x86)/AMD APP SDK/2.9/bin/x86_64
PATH: /c/Program Files (x86)/AMD APP SDK/2.9/bin/x86
PATH: /d/Perl/site/bin
PATH: /d/Perl/bin
PATH: /c/Windows/system32
PATH: /c/Windows
PATH: /c/Windows/System32/Wbem
PATH: /c/Windows/System32/WindowsPowerShell/v1.0/
PATH: /c/Program Files/Condusiv Technologies/ExpressCache/
PATH: /c/Program Files/Intel/WiFi/bin/
PATH: /c/Program Files/Common Files/Intel/WirelessCommon/
PATH: /d/Program Files (x86)/GTK2-Runtime/bin
PATH: /c/Program Files/Intel/WiFi/bin/
PATH: /c/Program Files/Common Files/Intel/WirelessCommon/


## ----------- ##
## Core tests. ##
## ----------- ##

configure:2809: checking build system type
configure:2823: result: i686-pc-mingw32
configure:2843: checking host system type
configure:2856: result: i686-pc-mingw32
configure:2876: checking target system type
configure:2889: result: i686-pc-mingw32
configure:2937: checking for a BSD-compatible install
configure:3005: result: /bin/install -c
configure:3016: checking whether build environment is sane
configure:3066: result: yes
configure:3207: checking for a thread-safe mkdir -p
configure:3246: result: /bin/mkdir -p
configure:3260: checking for gawk
configure:3276: found /bin/gawk
configure:3287: result: gawk
configure:3298: checking whether make sets $(MAKE)
configure:3320: result: yes
configure:3424: checking for style of include used by make
configure:3452: result: GNU
configure:3522: checking for gcc
configure:3538: found /mingw/bin/gcc
configure:3549: result: gcc
configure:3778: checking for C compiler version
configure:3787: gcc --version >&5
gcc.exe (GCC) 4.6.2
Copyright (C) 2011 Free Software Foundation, Inc.
This is free software; see the source for copying conditions.  There is NO
warranty; not even for MERCHANTABILITY or FITNESS FOR A PARTICULAR PURPOSE.

configure:3798: $? = 0
configure:3787: gcc -v >&5
Using built-in specs.
COLLECT_GCC=D:\MinGW\bin\gcc.exe
COLLECT_LTO_WRAPPER=d:/mingw/bin/../libexec/gcc/mingw32/4.6.2/lto-wrapper.exe
Target: mingw32
Configured with: ../gcc-4.6.2/configure --enable-languages=c,c++,ada,fortran,objc,obj-c++ --disable-sjlj-exceptions --with-dwarf2 --enable-shared --enable-libgomp --disable-win32-registry --enable-libstdcxx-debug --enable-version-specific-runtime-libs --build=mingw32 --prefix=/mingw
Thread model: win32
gcc version 4.6.2 (GCC) 
configure:3798: $? = 0
configure:3787: gcc -V >&5
gcc.exe: error: unrecognized option '-V'
gcc.exe: fatal error: no input files
compilation terminated.
configure:3798: $? = 1
configure:3787: gcc -qversion >&5
gcc.exe: error: unrecognized option '-qversion'
gcc.exe: fatal error: no input files
compilation terminated.
configure:3798: $? = 1
configure:3818: checking whether the C compiler works
configure:3840: gcc -O2 -msse2   conftest.c  >&5
configure:3844: $? = 0
configure:3892: result: yes
configure:3895: checking for C compiler default output file name
configure:3897: result: a.exe
configure:3903: checking for suffix of executables
configure:3910: gcc -o conftest.exe -O2 -msse2   conftest.c  >&5
configure:3914: $? = 0
configure:3936: result: .exe
configure:3958: checking whether we are cross compiling
configure:3966: gcc -o conftest.exe -O2 -msse2   conftest.c  >&5
configure:3970: $? = 0
configure:3977: ./conftest.exe
configure:3981: $? = 0
configure:3996: result: no
configure:4001: checking for suffix of object files
configure:4023: gcc -c -O2 -msse2  conftest.c >&5
configure:4027: $? = 0
configure:4048: result: o
configure:4052: checking whether we are using the GNU C compiler
configure:4071: gcc -c -O2 -msse2  conftest.c >&5
configure:4071: $? = 0
configure:4080: result: yes
configure:4089: checking whether gcc accepts -g
configure:4109: gcc -c -g  conftest.c >&5
configure:4109: $? = 0
configure:4150: result: yes
configure:4167: checking for gcc option to accept ISO C89
configure:4231: gcc  -c -O2 -msse2  conftest.c >&5
configure:4231: $? = 0
configure:4244: result: none needed
configure:4266: checking dependency style of gcc
configure:4376: result: gcc3
configure:4397: checking how to run the C preprocessor
configure:4428: gcc -E  conftest.c
configure:4428: $? = 0
configure:4442: gcc -E  conftest.c
conftest.c:11:28: fatal error: ac_nonexistent.h: No such file or directory
compilation terminated.
configure:4442: $? = 1
configure: failed program was:
| /* confdefs.h */
| #define PACKAGE_NAME "ALTMiner"
| #define PACKAGE_TARNAME "altminer"
| #define PACKAGE_VERSION "0.5.4pre1"
| #define PACKAGE_STRING "ALTMiner 0.5.4pre1"
| #define PACKAGE_BUGREPORT ""
| #define PACKAGE_URL ""
| #define PACKAGE "altminer"
| #define VERSION "0.5.4pre1"
| /* end confdefs.h.  */
| #include <ac_nonexistent.h>
configure:4467: result: gcc -E
configure:4487: gcc -E  conftest.c
configure:4487: $? = 0
configure:4501: gcc -E  conftest.c
conftest.c:11:28: fatal error: ac_nonexistent.h: No such file or directory
compilation terminated.
configure:4501: $? = 1
configure: failed program was:
| /* confdefs.h */
| #define PACKAGE_NAME "ALTMiner"
| #define PACKAGE_TARNAME "altminer"
| #define PACKAGE_VERSION "0.5.4pre1"
| #define PACKAGE_STRING "ALTMiner 0.5.4pre1"
| #define PACKAGE_BUGREPORT ""
| #define PACKAGE_URL ""
| #define PACKAGE "altminer"
| #define VERSION "0.5.4pre1"
| /* end confdefs.h.  */
| #include <ac_nonexistent.h>
configure:4530: checking for grep that handles long lines and -e
configure:4588: result: /bin/grep
configure:4593: checking for egrep
configure:4655: result: /bin/grep -E
configure:4660: checking for ANSI C header files
configure:4680: gcc -c -O2 -msse2  conftest.c >&5
configure:4680: $? = 0
configure:4753: gcc -o conftest.exe -O2 -msse2   conftest.c  >&5
configure:4753: $? = 0
configure:4753: ./conftest.exe
configure:4753: $? = 0
configure:4764: result: yes
configure:4777: checking for sys/types.h
configure:4777: gcc -c -O2 -msse2  conftest.c >&5
configure:4777: $? = 0
configure:4777: result: yes
configure:4777: checking for sys/stat.h
configure:4777: gcc -c -O2 -msse2  conftest.c >&5
configure:4777: $? = 0
configure:4777: result: yes
configure:4777: checking for stdlib.h
configure:4777: gcc -c -O2 -msse2  conftest.c >&5
configure:4777: $? = 0
configure:4777: result: yes
configure:4777: checking for string.h
configure:4777: gcc -c -O2 -msse2  conftest.c >&5
configure:4777: $? = 0
configure:4777: result: yes
configure:4777: checking for memory.h
configure:4777: gcc -c -O2 -msse2  conftest.c >&5
configure:4777: $? = 0
configure:4777: result: yes
configure:4777: checking for strings.h
configure:4777: gcc -c -O2 -msse2  conftest.c >&5
configure:4777: $? = 0
configure:4777: result: yes
configure:4777: checking for inttypes.h
configure:4777: gcc -c -O2 -msse2  conftest.c >&5
configure:4777: $? = 0
configure:4777: result: yes
configure:4777: checking for stdint.h
configure:4777: gcc -c -O2 -msse2  conftest.c >&5
configure:4777: $? = 0
configure:4777: result: yes
configure:4777: checking for unistd.h
configure:4777: gcc -c -O2 -msse2  conftest.c >&5
configure:4777: $? = 0
configure:4777: result: yes
configure:4792: checking minix/config.h usability
configure:4792: gcc -c -O2 -msse2  conftest.c >&5
conftest.c:54:26: fatal error: minix/config.h: No such file or directory
compilation terminated.
configure:4792: $? = 1
configure: failed program was:
| /* confdefs.h */
| #define PACKAGE_NAME "ALTMiner"
| #define PACKAGE_TARNAME "altminer"
| #define PACKAGE_VERSION "0.5.4pre1"
| #define PACKAGE_STRING "ALTMiner 0.5.4pre1"
| #define PACKAGE_BUGREPORT ""
| #define PACKAGE_URL ""
| #define PACKAGE "altminer"
| #define VERSION "0.5.4pre1"
| #define STDC_HEADERS 1
| #define HAVE_SYS_TYPES_H 1
| #define HAVE_SYS_STAT_H 1
| #define HAVE_STDLIB_H 1
| #define HAVE_STRING_H 1
| #define HAVE_MEMORY_H 1
| #define HAVE_STRINGS_H 1
| #define HAVE_INTTYPES_H 1
| #define HAVE_STDINT_H 1
| #define HAVE_UNISTD_H 1
| /* end confdefs.h.  */
| #include <stdio.h>
| #ifdef HAVE_SYS_TYPES_H
| # include <sys/types.h>
| #endif
| #ifdef HAVE_SYS_STAT_H
| # include <sys/stat.h>
| #endif
| #ifdef STDC_HEADERS
| # include <stdlib.h>
| # include <stddef.h>
| #else
| # ifdef HAVE_STDLIB_H
| #  include <stdlib.h>
| # endif
| #endif
| #ifdef HAVE_STRING_H
| # if !defined STDC_HEADERS && defined HAVE_MEMORY_H
| #  include <memory.h>
| # endif
| # include <string.h>
| #endif
| #ifdef HAVE_STRINGS_H
| # include <strings.h>
| #endif
| #ifdef HAVE_INTTYPES_H
| # include <inttypes.h>
| #endif
| #ifdef HAVE_STDINT_H
| # include <stdint.h>
| #endif
| #ifdef HAVE_UNISTD_H
| # include <unistd.h>
| #endif
| #include <minix/config.h>
configure:4792: result: no
configure:4792: checking minix/config.h presence
configure:4792: gcc -E  conftest.c
conftest.c:21:26: fatal error: minix/config.h: No such file or directory
compilation terminated.
configure:4792: $? = 1
configure: failed program was:
| /* confdefs.h */
| #define PACKAGE_NAME "ALTMiner"
| #define PACKAGE_TARNAME "altminer"
| #define PACKAGE_VERSION "0.5.4pre1"
| #define PACKAGE_STRING "ALTMiner 0.5.4pre1"
| #define PACKAGE_BUGREPORT ""
| #define PACKAGE_URL ""
| #define PACKAGE "altminer"
| #define VERSION "0.5.4pre1"
| #define STDC_HEADERS 1
| #define HAVE_SYS_TYPES_H 1
| #define HAVE_SYS_STAT_H 1
| #define HAVE_STDLIB_H 1
| #define HAVE_STRING_H 1
| #define HAVE_MEMORY_H 1
| #define HAVE_STRINGS_H 1
| #define HAVE_INTTYPES_H 1
| #define HAVE_STDINT_H 1
| #define HAVE_UNISTD_H 1
| /* end confdefs.h.  */
| #include <minix/config.h>
configure:4792: result: no
configure:4792: checking for minix/config.h
configure:4792: result: no
configure:4821: checking whether it is safe to define __EXTENSIONS__
configure:4839: gcc -c -O2 -msse2  conftest.c >&5
configure:4839: $? = 0
configure:4846: result: yes
configure:4893: checking whether to enable maintainer-specific portions of Makefiles
configure:4902: result: no
configure:4964: checking for gcc
configure:4991: result: gcc
configure:5220: checking for C compiler version
configure:5229: gcc --version >&5
gcc.exe (GCC) 4.6.2
Copyright (C) 2011 Free Software Foundation, Inc.
This is free software; see the source for copying conditions.  There is NO
warranty; not even for MERCHANTABILITY or FITNESS FOR A PARTICULAR PURPOSE.

configure:5240: $? = 0
configure:5229: gcc -v >&5
Using built-in specs.
COLLECT_GCC=D:\MinGW\bin\gcc.exe
COLLECT_LTO_WRAPPER=d:/mingw/bin/../libexec/gcc/mingw32/4.6.2/lto-wrapper.exe
Target: mingw32
Configured with: ../gcc-4.6.2/configure --enable-languages=c,c++,ada,fortran,objc,obj-c++ --disable-sjlj-exceptions --with-dwarf2 --enable-shared --enable-libgomp --disable-win32-registry --enable-libstdcxx-debug --enable-version-specific-runtime-libs --build=mingw32 --prefix=/mingw
Thread model: win32
gcc version 4.6.2 (GCC) 
configure:5240: $? = 0
configure:5229: gcc -V >&5
gcc.exe: error: unrecognized option '-V'
gcc.exe: fatal error: no input files
compilation terminated.
configure:5240: $? = 1
configure:5229: gcc -qversion >&5
gcc.exe: error: unrecognized option '-qversion'
gcc.exe: fatal error: no input files
compilation terminated.
configure:5240: $? = 1
configure:5244: checking whether we are using the GNU C compiler
configure:5272: result: yes
configure:5281: checking whether gcc accepts -g
configure:5342: result: yes
configure:5359: checking for gcc option to accept ISO C89
configure:5436: result: none needed
configure:5458: checking dependency style of gcc
configure:5568: result: gcc3
configure:5626: checking for ranlib
configure:5642: found /mingw/bin/ranlib
configure:5653: result: ranlib
configure:5701: checking whether gcc needs -traditional
conftest.c:29:19: fatal error: sgtty.h: No such file or directory
compilation terminated.
conftest.c:29:20: fatal error: termio.h: No such file or directory
compilation terminated.
configure:5735: result: no
configure:5743: checking whether gcc and cc understand -c and -o together
configure:5774: gcc -c conftest.c -o conftest2.o >&5
configure:5778: $? = 0
configure:5784: gcc -c conftest.c -o conftest2.o >&5
configure:5788: $? = 0
configure:5799: cc -c conftest.c >&5
configure:5803: $? = 0
configure:5811: cc -c conftest.c -o conftest2.o >&5
configure:5815: $? = 0
configure:5821: cc -c conftest.c -o conftest2.o >&5
configure:5825: $? = 0
configure:5843: result: yes
configure:5914: checking how to print strings
configure:5941: result: printf
configure:5962: checking for a sed that does not truncate output
configure:6026: result: /bin/sed
configure:6044: checking for fgrep
configure:6106: result: /bin/grep -F
configure:6141: checking for ld used by gcc
configure:6208: result: d:/mingw/mingw32/bin/ld.exe
configure:6215: checking if the linker (d:/mingw/mingw32/bin/ld.exe) is GNU ld
configure:6230: result: yes
configure:6242: checking for BSD- or MS-compatible name lister (nm)
configure:6291: result: /mingw/bin/nm
configure:6421: checking the name lister (/mingw/bin/nm) interface
configure:6428: gcc -c -O2 -msse2  conftest.c >&5
configure:6431: /mingw/bin/nm "conftest.o"
configure:6434: output
00000000 b .bss
00000000 d .data
00000000 t .text
00000000 B _some_variable
configure:6441: result: BSD nm
configure:6444: checking whether ln -s works
configure:6451: result: no, using cp -p
configure:6456: checking the maximum length of command line arguments
configure:6581: result: 8192
configure:6598: checking whether the shell understands some XSI constructs
configure:6608: result: yes
configure:6612: checking whether the shell understands "+="
configure:6618: result: yes
configure:6653: checking how to convert i686-pc-mingw32 file names to i686-pc-mingw32 format
configure:6693: result: func_convert_file_msys_to_w32
configure:6700: checking how to convert i686-pc-mingw32 file names to toolchain format
configure:6720: result: func_convert_file_msys_to_w32
configure:6727: checking for d:/mingw/mingw32/bin/ld.exe option to reload object files
configure:6734: result: -r
configure:6808: checking for objdump
configure:6824: found /mingw/bin/objdump
configure:6835: result: objdump
configure:6867: checking how to recognize dependent libraries
configure:7069: result: file_magic ^x86 archive import|^x86 DLL
configure:7154: checking for dlltool
configure:7170: found /mingw/bin/dlltool
configure:7181: result: dlltool
configure:7214: checking how to associate runtime and link libraries
configure:7241: result: func_cygming_dll_for_implib
configure:7301: checking for ar
configure:7317: found /mingw/bin/ar
configure:7328: result: ar
configure:7365: checking for archiver @FILE support
configure:7382: gcc -c -O2 -msse2  conftest.c >&5
configure:7382: $? = 0
configure:7385: ar cru libconftest.a @conftest.lst >&5
configure:7388: $? = 0
configure:7393: ar cru libconftest.a @conftest.lst >&5
D:\MinGW\bin\ar.exe: conftest.o: No such file or directory
configure:7396: $? = 1
configure:7408: result: @
configure:7466: checking for strip
configure:7482: found /mingw/bin/strip
configure:7493: result: strip
configure:7565: checking for ranlib
configure:7592: result: ranlib
configure:7694: checking command to parse /mingw/bin/nm output from gcc object
configure:7813: gcc -c -O2 -msse2  conftest.c >&5
configure:7816: $? = 0
configure:7820: /mingw/bin/nm conftest.o \| sed -n -e 's/^.*[ ]\([ABCDGIRSTW][ABCDGIRSTW]*\)[ ][ ]*\([_A-Za-z][_A-Za-z0-9]*\)\{0,1\}$/\1 \2 \2/p' | sed '/ __gnu_lto/d' \> conftest.nm
configure:7823: $? = 0
cannot find nm_test_var in conftest.nm
configure:7813: gcc -c -O2 -msse2  conftest.c >&5
configure:7816: $? = 0
configure:7820: /mingw/bin/nm conftest.o \| sed -n -e 's/^.*[ ]\([ABCDGIRSTW][ABCDGIRSTW]*\)[ ][ ]*_\([_A-Za-z][_A-Za-z0-9]*\)\{0,1\}$/\1 _\2 \2/p' | sed '/ __gnu_lto/d' \> conftest.nm
configure:7823: $? = 0
configure:7889: gcc -o conftest.exe -O2 -msse2   conftest.c conftstm.o >&5
configure:7892: $? = 0
configure:7930: result: ok
configure:7967: checking for sysroot
configure:7997: result: no
configure:8240: checking for mt
configure:8270: result: no
configure:8290: checking if : is a manifest tool
configure:8296: : '-?'
configure:8304: result: no
configure:8933: checking for dlfcn.h
configure:8933: gcc -c -O2 -msse2  conftest.c >&5
conftest.c:63:19: fatal error: dlfcn.h: No such file or directory
compilation terminated.
configure:8933: $? = 1
configure: failed program was:
| /* confdefs.h */
| #define PACKAGE_NAME "ALTMiner"
| #define PACKAGE_TARNAME "altminer"
| #define PACKAGE_VERSION "0.5.4pre1"
| #define PACKAGE_STRING "ALTMiner 0.5.4pre1"
| #define PACKAGE_BUGREPORT ""
| #define PACKAGE_URL ""
| #define PACKAGE "altminer"
| #define VERSION "0.5.4pre1"
| #define STDC_HEADERS 1
| #define HAVE_SYS_TYPES_H 1
| #define HAVE_SYS_STAT_H 1
| #define HAVE_STDLIB_H 1
| #define HAVE_STRING_H 1
| #define HAVE_MEMORY_H 1
| #define HAVE_STRINGS_H 1
| #define HAVE_INTTYPES_H 1
| #define HAVE_STDINT_H 1
| #define HAVE_UNISTD_H 1
| #define __EXTENSIONS__ 1
| #define _ALL_SOURCE 1
| #define _GNU_SOURCE 1
| #define _POSIX_PTHREAD_SEMANTICS 1
| #define _TANDEM_SOURCE 1
| #define CGMINER_MAJOR_VERSION 0
| #define CGMINER_MINOR_VERSION 5
| #define CGMINER_MINOR_SUBVERSION 4pre1
| /* end confdefs.h.  */
| #include <stdio.h>
| #ifdef HAVE_SYS_TYPES_H
| # include <sys/types.h>
| #endif
| #ifdef HAVE_SYS_STAT_H
| # include <sys/stat.h>
| #endif
| #ifdef STDC_HEADERS
| # include <stdlib.h>
| # include <stddef.h>
| #else
| # ifdef HAVE_STDLIB_H
| #  include <stdlib.h>
| # endif
| #endif
| #ifdef HAVE_STRING_H
| # if !defined STDC_HEADERS && defined HAVE_MEMORY_H
| #  include <memory.h>
| # endif
| # include <string.h>
| #endif
| #ifdef HAVE_STRINGS_H
| # include <strings.h>
| #endif
| #ifdef HAVE_INTTYPES_H
| # include <inttypes.h>
| #endif
| #ifdef HAVE_STDINT_H
| # include <stdint.h>
| #endif
| #ifdef HAVE_UNISTD_H
| # include <unistd.h>
| #endif
| 
| #include <dlfcn.h>
configure:8933: result: no
configure:9119: checking for objdir
configure:9134: result: .libs
configure:9405: checking if gcc supports -fno-rtti -fno-exceptions
configure:9423: gcc -c -O2 -msse2  -fno-rtti -fno-exceptions conftest.c >&5
cc1.exe: warning: command line option '-fno-rtti' is valid for C++/ObjC++ but not for C [enabled by default]
configure:9427: $? = 0
configure:9440: result: no
configure:9750: checking for gcc option to produce PIC
configure:9757: result: -DDLL_EXPORT -DPIC
configure:9765: checking if gcc PIC flag -DDLL_EXPORT -DPIC works
configure:9783: gcc -c -O2 -msse2  -DDLL_EXPORT -DPIC -DPIC conftest.c >&5
configure:9787: $? = 0
configure:9800: result: yes
configure:9829: checking if gcc static flag -static works
configure:9857: result: yes
configure:9872: checking if gcc supports -c -o file.o
configure:9893: gcc -c -O2 -msse2  -o out/conftest2.o conftest.c >&5
configure:9897: $? = 0
configure:9919: result: yes
configure:9927: checking if gcc supports -c -o file.o
configure:9974: result: yes
configure:10007: checking whether the gcc linker (d:/mingw/mingw32/bin/ld.exe) supports shared libraries
configure:11165: result: yes
configure:11410: checking dynamic linker characteristics
configure:12146: result: Win32 ld.exe
configure:12253: checking how to hardcode library paths into programs
configure:12278: result: immediate
configure:12818: checking whether stripping libraries is possible
configure:12823: result: yes
configure:12858: checking if libtool supports shared libraries
configure:12860: result: yes
configure:12863: checking whether to build shared libraries
configure:12884: result: no
configure:12887: checking whether to build static libraries
configure:12891: result: yes
configure:12941: checking sys/mman.h usability
configure:12941: gcc -c -O2 -msse2  conftest.c >&5
conftest.c:63:22: fatal error: sys/mman.h: No such file or directory
compilation terminated.
configure:12941: $? = 1
configure: failed program was:
| /* confdefs.h */
| #define PACKAGE_NAME "ALTMiner"
| #define PACKAGE_TARNAME "altminer"
| #define PACKAGE_VERSION "0.5.4pre1"
| #define PACKAGE_STRING "ALTMiner 0.5.4pre1"
| #define PACKAGE_BUGREPORT ""
| #define PACKAGE_URL ""
| #define PACKAGE "altminer"
| #define VERSION "0.5.4pre1"
| #define STDC_HEADERS 1
| #define HAVE_SYS_TYPES_H 1
| #define HAVE_SYS_STAT_H 1
| #define HAVE_STDLIB_H 1
| #define HAVE_STRING_H 1
| #define HAVE_MEMORY_H 1
| #define HAVE_STRINGS_H 1
| #define HAVE_INTTYPES_H 1
| #define HAVE_STDINT_H 1
| #define HAVE_UNISTD_H 1
| #define __EXTENSIONS__ 1
| #define _ALL_SOURCE 1
| #define _GNU_SOURCE 1
| #define _POSIX_PTHREAD_SEMANTICS 1
| #define _TANDEM_SOURCE 1
| #define CGMINER_MAJOR_VERSION 0
| #define CGMINER_MINOR_VERSION 5
| #define CGMINER_MINOR_SUBVERSION 4pre1
| #define LT_OBJDIR ".libs/"
| /* end confdefs.h.  */
| #include <stdio.h>
| #ifdef HAVE_SYS_TYPES_H
| # include <sys/types.h>
| #endif
| #ifdef HAVE_SYS_STAT_H
| # include <sys/stat.h>
| #endif
| #ifdef STDC_HEADERS
| # include <stdlib.h>
| # include <stddef.h>
| #else
| # ifdef HAVE_STDLIB_H
| #  include <stdlib.h>
| # endif
| #endif
| #ifdef HAVE_STRING_H
| # if !defined STDC_HEADERS && defined HAVE_MEMORY_H
| #  include <memory.h>
| # endif
| # include <string.h>
| #endif
| #ifdef HAVE_STRINGS_H
| # include <strings.h>
| #endif
| #ifdef HAVE_INTTYPES_H
| # include <inttypes.h>
| #endif
| #ifdef HAVE_STDINT_H
| # include <stdint.h>
| #endif
| #ifdef HAVE_UNISTD_H
| # include <unistd.h>
| #endif
| #include <sys/mman.h>
configure:12941: result: no
configure:12941: checking sys/mman.h presence
configure:12941: gcc -E  conftest.c
conftest.c:30:22: fatal error: sys/mman.h: No such file or directory
compilation terminated.
configure:12941: $? = 1
configure: failed program was:
| /* confdefs.h */
| #define PACKAGE_NAME "ALTMiner"
| #define PACKAGE_TARNAME "altminer"
| #define PACKAGE_VERSION "0.5.4pre1"
| #define PACKAGE_STRING "ALTMiner 0.5.4pre1"
| #define PACKAGE_BUGREPORT ""
| #define PACKAGE_URL ""
| #define PACKAGE "altminer"
| #define VERSION "0.5.4pre1"
| #define STDC_HEADERS 1
| #define HAVE_SYS_TYPES_H 1
| #define HAVE_SYS_STAT_H 1
| #define HAVE_STDLIB_H 1
| #define HAVE_STRING_H 1
| #define HAVE_MEMORY_H 1
| #define HAVE_STRINGS_H 1
| #define HAVE_INTTYPES_H 1
| #define HAVE_STDINT_H 1
| #define HAVE_UNISTD_H 1
| #define __EXTENSIONS__ 1
| #define _ALL_SOURCE 1
| #define _GNU_SOURCE 1
| #define _POSIX_PTHREAD_SEMANTICS 1
| #define _TANDEM_SOURCE 1
| #define CGMINER_MAJOR_VERSION 0
| #define CGMINER_MINOR_VERSION 5
| #define CGMINER_MINOR_SUBVERSION 4pre1
| #define LT_OBJDIR ".libs/"
| /* end confdefs.h.  */
| #include <sys/mman.h>
configure:12941: result: no
configure:12941: checking for sys/mman.h
configure:12941: result: no
configure:12941: checking wchar.h usability
configure:12941: gcc -c -O2 -msse2  conftest.c >&5
configure:12941: $? = 0
configure:12941: result: yes
configure:12941: checking wchar.h presence
configure:12941: gcc -E  conftest.c
configure:12941: $? = 0
configure:12941: result: yes
configure:12941: checking for wchar.h
configure:12941: result: yes
configure:12941: checking for stdint.h
configure:12941: result: yes
configure:12962: checking for mprotect
configure:12962: gcc -o conftest.exe -O2 -msse2   conftest.c  >&5
configure:12962: $? = 0
configure:12962: result: yes
configure:12962: checking for sigaction
configure:12962: gcc -o conftest.exe -O2 -msse2   conftest.c  >&5
C:\Users\CY\AppData\Local\Temp\cc4canoF.o:conftest.c:(.text.startup+0xc): undefined reference to `sigaction'
collect2: ld returned 1 exit status
configure:12962: $? = 1
configure: failed program was:
| /* confdefs.h */
| #define PACKAGE_NAME "ALTMiner"
| #define PACKAGE_TARNAME "altminer"
| #define PACKAGE_VERSION "0.5.4pre1"
| #define PACKAGE_STRING "ALTMiner 0.5.4pre1"
| #define PACKAGE_BUGREPORT ""
| #define PACKAGE_URL ""
| #define PACKAGE "altminer"
| #define VERSION "0.5.4pre1"
| #define STDC_HEADERS 1
| #define HAVE_SYS_TYPES_H 1
| #define HAVE_SYS_STAT_H 1
| #define HAVE_STDLIB_H 1
| #define HAVE_STRING_H 1
| #define HAVE_MEMORY_H 1
| #define HAVE_STRINGS_H 1
| #define HAVE_INTTYPES_H 1
| #define HAVE_STDINT_H 1
| #define HAVE_UNISTD_H 1
| #define __EXTENSIONS__ 1
| #define _ALL_SOURCE 1
| #define _GNU_SOURCE 1
| #define _POSIX_PTHREAD_SEMANTICS 1
| #define _TANDEM_SOURCE 1
| #define CGMINER_MAJOR_VERSION 0
| #define CGMINER_MINOR_VERSION 5
| #define CGMINER_MINOR_SUBVERSION 4pre1
| #define LT_OBJDIR ".libs/"
| #define HAVE_WCHAR_H 1
| #define HAVE_STDINT_H 1
| #define HAVE_MPROTECT 1
| /* end confdefs.h.  */
| /* Define sigaction to an innocuous variant, in case <limits.h> declares sigaction.
|    For example, HP-UX 11i <limits.h> declares gettimeofday.  */
| #define sigaction innocuous_sigaction
| 
| /* System header to define __stub macros and hopefully few prototypes,
|     which can conflict with char sigaction (); below.
|     Prefer <limits.h> to <assert.h> if __STDC__ is defined, since
|     <limits.h> exists even on freestanding compilers.  */
| 
| #ifdef __STDC__
| # include <limits.h>
| #else
| # include <assert.h>
| #endif
| 
| #undef sigaction
| 
| /* Override any GCC internal prototype to avoid an error.
|    Use char because int might match the return type of a GCC
|    builtin and then its argument prototype would still apply.  */
| #ifdef __cplusplus
| extern "C"
| #endif
| char sigaction ();
| /* The GNU C library defines this for functions which it implements
|     to always fail with ENOSYS.  Some functions are actually named
|     something starting with __ and the normal name is an alias.  */
| #if defined __stub_sigaction || defined __stub___sigaction
| choke me
| #endif
| 
| int
| main ()
| {
| return sigaction ();
|   ;
|   return 0;
| }
configure:12962: result: no
configure:12962: checking for sigaltstack
configure:12962: gcc -o conftest.exe -O2 -msse2   conftest.c  >&5
C:\Users\CY\AppData\Local\Temp\ccq2IOQq.o:conftest.c:(.text.startup+0xc): undefined reference to `sigaltstack'
collect2: ld returned 1 exit status
configure:12962: $? = 1
configure: failed program was:
| /* confdefs.h */
| #define PACKAGE_NAME "ALTMiner"
| #define PACKAGE_TARNAME "altminer"
| #define PACKAGE_VERSION "0.5.4pre1"
| #define PACKAGE_STRING "ALTMiner 0.5.4pre1"
| #define PACKAGE_BUGREPORT ""
| #define PACKAGE_URL ""
| #define PACKAGE "altminer"
| #define VERSION "0.5.4pre1"
| #define STDC_HEADERS 1
| #define HAVE_SYS_TYPES_H 1
| #define HAVE_SYS_STAT_H 1
| #define HAVE_STDLIB_H 1
| #define HAVE_STRING_H 1
| #define HAVE_MEMORY_H 1
| #define HAVE_STRINGS_H 1
| #define HAVE_INTTYPES_H 1
| #define HAVE_STDINT_H 1
| #define HAVE_UNISTD_H 1
| #define __EXTENSIONS__ 1
| #define _ALL_SOURCE 1
| #define _GNU_SOURCE 1
| #define _POSIX_PTHREAD_SEMANTICS 1
| #define _TANDEM_SOURCE 1
| #define CGMINER_MAJOR_VERSION 0
| #define CGMINER_MINOR_VERSION 5
| #define CGMINER_MINOR_SUBVERSION 4pre1
| #define LT_OBJDIR ".libs/"
| #define HAVE_WCHAR_H 1
| #define HAVE_STDINT_H 1
| #define HAVE_MPROTECT 1
| /* end confdefs.h.  */
| /* Define sigaltstack to an innocuous variant, in case <limits.h> declares sigaltstack.
|    For example, HP-UX 11i <limits.h> declares gettimeofday.  */
| #define sigaltstack innocuous_sigaltstack
| 
| /* System header to define __stub macros and hopefully few prototypes,
|     which can conflict with char sigaltstack (); below.
|     Prefer <limits.h> to <assert.h> if __STDC__ is defined, since
|     <limits.h> exists even on freestanding compilers.  */
| 
| #ifdef __STDC__
| # include <limits.h>
| #else
| # include <assert.h>
| #endif
| 
| #undef sigaltstack
| 
| /* Override any GCC internal prototype to avoid an error.
|    Use char because int might match the return type of a GCC
|    builtin and then its argument prototype would still apply.  */
| #ifdef __cplusplus
| extern "C"
| #endif
| char sigaltstack ();
| /* The GNU C library defines this for functions which it implements
|     to always fail with ENOSYS.  Some functions are actually named
|     something starting with __ and the normal name is an alias.  */
| #if defined __stub_sigaltstack || defined __stub___sigaltstack
| choke me
| #endif
| 
| int
| main ()
| {
| return sigaltstack ();
|   ;
|   return 0;
| }
configure:12962: result: no
configure:12962: checking for siginterrupt
configure:12962: gcc -o conftest.exe -O2 -msse2   conftest.c  >&5
C:\Users\CY\AppData\Local\Temp\cc6ZgqEb.o:conftest.c:(.text.startup+0xc): undefined reference to `siginterrupt'
collect2: ld returned 1 exit status
configure:12962: $? = 1
configure: failed program was:
| /* confdefs.h */
| #define PACKAGE_NAME "ALTMiner"
| #define PACKAGE_TARNAME "altminer"
| #define PACKAGE_VERSION "0.5.4pre1"
| #define PACKAGE_STRING "ALTMiner 0.5.4pre1"
| #define PACKAGE_BUGREPORT ""
| #define PACKAGE_URL ""
| #define PACKAGE "altminer"
| #define VERSION "0.5.4pre1"
| #define STDC_HEADERS 1
| #define HAVE_SYS_TYPES_H 1
| #define HAVE_SYS_STAT_H 1
| #define HAVE_STDLIB_H 1
| #define HAVE_STRING_H 1
| #define HAVE_MEMORY_H 1
| #define HAVE_STRINGS_H 1
| #define HAVE_INTTYPES_H 1
| #define HAVE_STDINT_H 1
| #define HAVE_UNISTD_H 1
| #define __EXTENSIONS__ 1
| #define _ALL_SOURCE 1
| #define _GNU_SOURCE 1
| #define _POSIX_PTHREAD_SEMANTICS 1
| #define _TANDEM_SOURCE 1
| #define CGMINER_MAJOR_VERSION 0
| #define CGMINER_MINOR_VERSION 5
| #define CGMINER_MINOR_SUBVERSION 4pre1
| #define LT_OBJDIR ".libs/"
| #define HAVE_WCHAR_H 1
| #define HAVE_STDINT_H 1
| #define HAVE_MPROTECT 1
| /* end confdefs.h.  */
| /* Define siginterrupt to an innocuous variant, in case <limits.h> declares siginterrupt.
|    For example, HP-UX 11i <limits.h> declares gettimeofday.  */
| #define siginterrupt innocuous_siginterrupt
| 
| /* System header to define __stub macros and hopefully few prototypes,
|     which can conflict with char siginterrupt (); below.
|     Prefer <limits.h> to <assert.h> if __STDC__ is defined, since
|     <limits.h> exists even on freestanding compilers.  */
| 
| #ifdef __STDC__
| # include <limits.h>
| #else
| # include <assert.h>
| #endif
| 
| #undef siginterrupt
| 
| /* Override any GCC internal prototype to avoid an error.
|    Use char because int might match the return type of a GCC
|    builtin and then its argument prototype would still apply.  */
| #ifdef __cplusplus
| extern "C"
| #endif
| char siginterrupt ();
| /* The GNU C library defines this for functions which it implements
|     to always fail with ENOSYS.  Some functions are actually named
|     something starting with __ and the normal name is an alias.  */
| #if defined __stub_siginterrupt || defined __stub___siginterrupt
| choke me
| #endif
| 
| int
| main ()
| {
| return siginterrupt ();
|   ;
|   return 0;
| }
configure:12962: result: no
configure:13053: checking for mmap
configure:13053: gcc -o conftest.exe -O2 -msse2   conftest.c  >&5
C:\Users\CY\AppData\Local\Temp\ccil5gvD.o:conftest.c:(.text.startup+0xc): undefined reference to `mmap'
collect2: ld returned 1 exit status
configure:13053: $? = 1
configure: failed program was:
| /* confdefs.h */
| #define PACKAGE_NAME "ALTMiner"
| #define PACKAGE_TARNAME "altminer"
| #define PACKAGE_VERSION "0.5.4pre1"
| #define PACKAGE_STRING "ALTMiner 0.5.4pre1"
| #define PACKAGE_BUGREPORT ""
| #define PACKAGE_URL ""
| #define PACKAGE "altminer"
| #define VERSION "0.5.4pre1"
| #define STDC_HEADERS 1
| #define HAVE_SYS_TYPES_H 1
| #define HAVE_SYS_STAT_H 1
| #define HAVE_STDLIB_H 1
| #define HAVE_STRING_H 1
| #define HAVE_MEMORY_H 1
| #define HAVE_STRINGS_H 1
| #define HAVE_INTTYPES_H 1
| #define HAVE_STDINT_H 1
| #define HAVE_UNISTD_H 1
| #define __EXTENSIONS__ 1
| #define _ALL_SOURCE 1
| #define _GNU_SOURCE 1
| #define _POSIX_PTHREAD_SEMANTICS 1
| #define _TANDEM_SOURCE 1
| #define CGMINER_MAJOR_VERSION 0
| #define CGMINER_MINOR_VERSION 5
| #define CGMINER_MINOR_SUBVERSION 4pre1
| #define LT_OBJDIR ".libs/"
| #define HAVE_WCHAR_H 1
| #define HAVE_STDINT_H 1
| #define HAVE_MPROTECT 1
| /* end confdefs.h.  */
| /* Define mmap to an innocuous variant, in case <limits.h> declares mmap.
|    For example, HP-UX 11i <limits.h> declares gettimeofday.  */
| #define mmap innocuous_mmap
| 
| /* System header to define __stub macros and hopefully few prototypes,
|     which can conflict with char mmap (); below.
|     Prefer <limits.h> to <assert.h> if __STDC__ is defined, since
|     <limits.h> exists even on freestanding compilers.  */
| 
| #ifdef __STDC__
| # include <limits.h>
| #else
| # include <assert.h>
| #endif
| 
| #undef mmap
| 
| /* Override any GCC internal prototype to avoid an error.
|    Use char because int might match the return type of a GCC
|    builtin and then its argument prototype would still apply.  */
| #ifdef __cplusplus
| extern "C"
| #endif
| char mmap ();
| /* The GNU C library defines this for functions which it implements
|     to always fail with ENOSYS.  Some functions are actually named
|     something starting with __ and the normal name is an alias.  */
| #if defined __stub_mmap || defined __stub___mmap
| choke me
| #endif
| 
| int
| main ()
| {
| return mmap ();
|   ;
|   return 0;
| }
configure:13053: result: no
configure:13135: checking whether memchr works
configure:13198: gcc -o conftest.exe -O2 -msse2   conftest.c  >&5
configure:13198: $? = 0
configure:13198: ./conftest.exe
configure:13198: $? = 0
configure:13208: result: yes
configure:13216: checking whether memmem is declared
configure:13216: gcc -c -O2 -msse2  conftest.c >&5
conftest.c: In function 'main':
conftest.c:73:10: error: 'memmem' undeclared (first use in this function)
conftest.c:73:10: note: each undeclared identifier is reported only once for each function it appears in
configure:13216: $? = 1
configure: failed program was:
| /* confdefs.h */
| #define PACKAGE_NAME "ALTMiner"
| #define PACKAGE_TARNAME "altminer"
| #define PACKAGE_VERSION "0.5.4pre1"
| #define PACKAGE_STRING "ALTMiner 0.5.4pre1"
| #define PACKAGE_BUGREPORT ""
| #define PACKAGE_URL ""
| #define PACKAGE "altminer"
| #define VERSION "0.5.4pre1"
| #define STDC_HEADERS 1
| #define HAVE_SYS_TYPES_H 1
| #define HAVE_SYS_STAT_H 1
| #define HAVE_STDLIB_H 1
| #define HAVE_STRING_H 1
| #define HAVE_MEMORY_H 1
| #define HAVE_STRINGS_H 1
| #define HAVE_INTTYPES_H 1
| #define HAVE_STDINT_H 1
| #define HAVE_UNISTD_H 1
| #define __EXTENSIONS__ 1
| #define _ALL_SOURCE 1
| #define _GNU_SOURCE 1
| #define _POSIX_PTHREAD_SEMANTICS 1
| #define _TANDEM_SOURCE 1
| #define CGMINER_MAJOR_VERSION 0
| #define CGMINER_MINOR_VERSION 5
| #define CGMINER_MINOR_SUBVERSION 4pre1
| #define LT_OBJDIR ".libs/"
| #define HAVE_WCHAR_H 1
| #define HAVE_STDINT_H 1
| #define HAVE_MPROTECT 1
| /* end confdefs.h.  */
| #include <stdio.h>
| #ifdef HAVE_SYS_TYPES_H
| # include <sys/types.h>
| #endif
| #ifdef HAVE_SYS_STAT_H
| # include <sys/stat.h>
| #endif
| #ifdef STDC_HEADERS
| # include <stdlib.h>
| # include <stddef.h>
| #else
| # ifdef HAVE_STDLIB_H
| #  include <stdlib.h>
| # endif
| #endif
| #ifdef HAVE_STRING_H
| # if !defined STDC_HEADERS && defined HAVE_MEMORY_H
| #  include <memory.h>
| # endif
| # include <string.h>
| #endif
| #ifdef HAVE_STRINGS_H
| # include <strings.h>
| #endif
| #ifdef HAVE_INTTYPES_H
| # include <inttypes.h>
| #endif
| #ifdef HAVE_STDINT_H
| # include <stdint.h>
| #endif
| #ifdef HAVE_UNISTD_H
| # include <unistd.h>
| #endif
| int
| main ()
| {
| #ifndef memmem
| #ifdef __cplusplus
|   (void) memmem;
| #else
|   (void) memmem;
| #endif
| #endif
| 
|   ;
|   return 0;
| }
configure:13216: result: no
configure:13234: checking for memmem
configure:13234: gcc -o conftest.exe -O2 -msse2   conftest.c  >&5
C:\Users\CY\AppData\Local\Temp\ccQdnlfd.o:conftest.c:(.text.startup+0xc): undefined reference to `memmem'
collect2: ld returned 1 exit status
configure:13234: $? = 1
configure: failed program was:
| /* confdefs.h */
| #define PACKAGE_NAME "ALTMiner"
| #define PACKAGE_TARNAME "altminer"
| #define PACKAGE_VERSION "0.5.4pre1"
| #define PACKAGE_STRING "ALTMiner 0.5.4pre1"
| #define PACKAGE_BUGREPORT ""
| #define PACKAGE_URL ""
| #define PACKAGE "altminer"
| #define VERSION "0.5.4pre1"
| #define STDC_HEADERS 1
| #define HAVE_SYS_TYPES_H 1
| #define HAVE_SYS_STAT_H 1
| #define HAVE_STDLIB_H 1
| #define HAVE_STRING_H 1
| #define HAVE_MEMORY_H 1
| #define HAVE_STRINGS_H 1
| #define HAVE_INTTYPES_H 1
| #define HAVE_STDINT_H 1
| #define HAVE_UNISTD_H 1
| #define __EXTENSIONS__ 1
| #define _ALL_SOURCE 1
| #define _GNU_SOURCE 1
| #define _POSIX_PTHREAD_SEMANTICS 1
| #define _TANDEM_SOURCE 1
| #define CGMINER_MAJOR_VERSION 0
| #define CGMINER_MINOR_VERSION 5
| #define CGMINER_MINOR_SUBVERSION 4pre1
| #define LT_OBJDIR ".libs/"
| #define HAVE_WCHAR_H 1
| #define HAVE_STDINT_H 1
| #define HAVE_MPROTECT 1
| #define HAVE_DECL_MEMMEM 0
| /* end confdefs.h.  */
| /* Define memmem to an innocuous variant, in case <limits.h> declares memmem.
|    For example, HP-UX 11i <limits.h> declares gettimeofday.  */
| #define memmem innocuous_memmem
| 
| /* System header to define __stub macros and hopefully few prototypes,
|     which can conflict with char memmem (); below.
|     Prefer <limits.h> to <assert.h> if __STDC__ is defined, since
|     <limits.h> exists even on freestanding compilers.  */
| 
| #ifdef __STDC__
| # include <limits.h>
| #else
| # include <assert.h>
| #endif
| 
| #undef memmem
| 
| /* Override any GCC internal prototype to avoid an error.
|    Use char because int might match the return type of a GCC
|    builtin and then its argument prototype would still apply.  */
| #ifdef __cplusplus
| extern "C"
| #endif
| char memmem ();
| /* The GNU C library defines this for functions which it implements
|     to always fail with ENOSYS.  Some functions are actually named
|     something starting with __ and the normal name is an alias.  */
| #if defined __stub_memmem || defined __stub___memmem
| choke me
| #endif
| 
| int
| main ()
| {
| return memmem ();
|   ;
|   return 0;
| }
configure:13234: result: no
configure:13351: gcc -c -O2 -msse2  conftest.c >&5
conftest.c:35:10: error: unknown type name 'not'
conftest.c:35:16: error: expected '=', ',', ';', 'asm' or '__attribute__' before 'universal'
conftest.c:35:16: error: unknown type name 'universal'
configure:13351: $? = 1
configure: failed program was:
| /* confdefs.h */
| #define PACKAGE_NAME "ALTMiner"
| #define PACKAGE_TARNAME "altminer"
| #define PACKAGE_VERSION "0.5.4pre1"
| #define PACKAGE_STRING "ALTMiner 0.5.4pre1"
| #define PACKAGE_BUGREPORT ""
| #define PACKAGE_URL ""
| #define PACKAGE "altminer"
| #define VERSION "0.5.4pre1"
| #define STDC_HEADERS 1
| #define HAVE_SYS_TYPES_H 1
| #define HAVE_SYS_STAT_H 1
| #define HAVE_STDLIB_H 1
| #define HAVE_STRING_H 1
| #define HAVE_MEMORY_H 1
| #define HAVE_STRINGS_H 1
| #define HAVE_INTTYPES_H 1
| #define HAVE_STDINT_H 1
| #define HAVE_UNISTD_H 1
| #define __EXTENSIONS__ 1
| #define _ALL_SOURCE 1
| #define _GNU_SOURCE 1
| #define _POSIX_PTHREAD_SEMANTICS 1
| #define _TANDEM_SOURCE 1
| #define CGMINER_MAJOR_VERSION 0
| #define CGMINER_MINOR_VERSION 5
| #define CGMINER_MINOR_SUBVERSION 4pre1
| #define LT_OBJDIR ".libs/"
| #define HAVE_WCHAR_H 1
| #define HAVE_STDINT_H 1
| #define HAVE_MPROTECT 1
| #define HAVE_DECL_MEMMEM 0
| /* end confdefs.h.  */
| #ifndef __APPLE_CC__
|          not a universal capable compiler
|         #endif
|         typedef int dummy;
| 
configure:13402: checking for C/C++ restrict keyword
configure:13427: gcc -c -O2 -msse2  conftest.c >&5
configure:13427: $? = 0
configure:13435: result: __restrict
configure:13448: checking for uid_t in sys/types.h
configure:13467: result: no
configure:13478: checking for inline
configure:13494: gcc -c -O2 -msse2  conftest.c >&5
configure:13494: $? = 0
configure:13502: result: inline
configure:13535: checking whether the preprocessor supports include_next
configure:13573: gcc -c -O2 -msse2  -Iconftestd1b -Iconftestd2 conftest.c >&5
configure:13573: $? = 0
configure:13594: result: yes
configure:13615: checking whether system header files limit the line length
configure:13638: result: no
configure:13652: checking for wchar_t
configure:13669: gcc -c -O2 -msse2  conftest.c >&5
configure:13669: $? = 0
configure:13676: result: yes
configure:13685: checking for unsigned long long int
configure:13724: gcc -o conftest.exe -O2 -msse2   conftest.c  >&5
configure:13724: $? = 0
configure:13733: result: yes
configure:13743: checking for long long int
configure:13781: gcc -o conftest.exe -O2 -msse2   conftest.c  >&5
configure:13781: $? = 0
configure:13781: ./conftest.exe
configure:13781: $? = 0
configure:13793: result: yes
configure:13930: checking whether stdint.h conforms to C99
configure:14101: gcc -c -O2 -msse2  conftest.c >&5
configure:14101: $? = 0
configure:14183: gcc -o conftest.exe -O2 -msse2   conftest.c  >&5
configure:14183: $? = 0
configure:14183: ./conftest.exe
configure:14183: $? = 0
configure:14195: result: yes
configure:14594: checking whether memmem is declared without a macro
configure:14612: gcc -c -O2 -msse2  conftest.c >&5
conftest.c: In function 'main':
conftest.c:46:10: error: 'memmem' undeclared (first use in this function)
conftest.c:46:10: note: each undeclared identifier is reported only once for each function it appears in
configure:14612: $? = 1
configure: failed program was:
| /* confdefs.h */
| #define PACKAGE_NAME "ALTMiner"
| #define PACKAGE_TARNAME "altminer"
| #define PACKAGE_VERSION "0.5.4pre1"
| #define PACKAGE_STRING "ALTMiner 0.5.4pre1"
| #define PACKAGE_BUGREPORT ""
| #define PACKAGE_URL ""
| #define PACKAGE "altminer"
| #define VERSION "0.5.4pre1"
| #define STDC_HEADERS 1
| #define HAVE_SYS_TYPES_H 1
| #define HAVE_SYS_STAT_H 1
| #define HAVE_STDLIB_H 1
| #define HAVE_STRING_H 1
| #define HAVE_MEMORY_H 1
| #define HAVE_STRINGS_H 1
| #define HAVE_INTTYPES_H 1
| #define HAVE_STDINT_H 1
| #define HAVE_UNISTD_H 1
| #define __EXTENSIONS__ 1
| #define _ALL_SOURCE 1
| #define _GNU_SOURCE 1
| #define _POSIX_PTHREAD_SEMANTICS 1
| #define _TANDEM_SOURCE 1
| #define CGMINER_MAJOR_VERSION 0
| #define CGMINER_MINOR_VERSION 5
| #define CGMINER_MINOR_SUBVERSION 4pre1
| #define LT_OBJDIR ".libs/"
| #define HAVE_WCHAR_H 1
| #define HAVE_STDINT_H 1
| #define HAVE_MPROTECT 1
| #define HAVE_DECL_MEMMEM 0
| #define restrict __restrict
| #define uid_t int
| #define gid_t int
| #define HAVE_WCHAR_T 1
| #define HAVE_UNSIGNED_LONG_LONG_INT 1
| #define HAVE_LONG_LONG_INT 1
| /* end confdefs.h.  */
| #include <string.h>
| 
| int
| main ()
| {
| #undef memmem
|   (void) memmem;
|   ;
|   return 0;
| }
configure:14620: result: no
configure:14594: checking whether mempcpy is declared without a macro
configure:14612: gcc -c -O2 -msse2  conftest.c >&5
conftest.c: In function 'main':
conftest.c:46:10: error: 'mempcpy' undeclared (first use in this function)
conftest.c:46:10: note: each undeclared identifier is reported only once for each function it appears in
configure:14612: $? = 1
configure: failed program was:
| /* confdefs.h */
| #define PACKAGE_NAME "ALTMiner"
| #define PACKAGE_TARNAME "altminer"
| #define PACKAGE_VERSION "0.5.4pre1"
| #define PACKAGE_STRING "ALTMiner 0.5.4pre1"
| #define PACKAGE_BUGREPORT ""
| #define PACKAGE_URL ""
| #define PACKAGE "altminer"
| #define VERSION "0.5.4pre1"
| #define STDC_HEADERS 1
| #define HAVE_SYS_TYPES_H 1
| #define HAVE_SYS_STAT_H 1
| #define HAVE_STDLIB_H 1
| #define HAVE_STRING_H 1
| #define HAVE_MEMORY_H 1
| #define HAVE_STRINGS_H 1
| #define HAVE_INTTYPES_H 1
| #define HAVE_STDINT_H 1
| #define HAVE_UNISTD_H 1
| #define __EXTENSIONS__ 1
| #define _ALL_SOURCE 1
| #define _GNU_SOURCE 1
| #define _POSIX_PTHREAD_SEMANTICS 1
| #define _TANDEM_SOURCE 1
| #define CGMINER_MAJOR_VERSION 0
| #define CGMINER_MINOR_VERSION 5
| #define CGMINER_MINOR_SUBVERSION 4pre1
| #define LT_OBJDIR ".libs/"
| #define HAVE_WCHAR_H 1
| #define HAVE_STDINT_H 1
| #define HAVE_MPROTECT 1
| #define HAVE_DECL_MEMMEM 0
| #define restrict __restrict
| #define uid_t int
| #define gid_t int
| #define HAVE_WCHAR_T 1
| #define HAVE_UNSIGNED_LONG_LONG_INT 1
| #define HAVE_LONG_LONG_INT 1
| /* end confdefs.h.  */
| #include <string.h>
| 
| int
| main ()
| {
| #undef mempcpy
|   (void) mempcpy;
|   ;
|   return 0;
| }
configure:14620: result: no
configure:14594: checking whether memrchr is declared without a macro
configure:14612: gcc -c -O2 -msse2  conftest.c >&5
conftest.c: In function 'main':
conftest.c:46:10: error: 'memrchr' undeclared (first use in this function)
conftest.c:46:10: note: each undeclared identifier is reported only once for each function it appears in
configure:14612: $? = 1
configure: failed program was:
| /* confdefs.h */
| #define PACKAGE_NAME "ALTMiner"
| #define PACKAGE_TARNAME "altminer"
| #define PACKAGE_VERSION "0.5.4pre1"
| #define PACKAGE_STRING "ALTMiner 0.5.4pre1"
| #define PACKAGE_BUGREPORT ""
| #define PACKAGE_URL ""
| #define PACKAGE "altminer"
| #define VERSION "0.5.4pre1"
| #define STDC_HEADERS 1
| #define HAVE_SYS_TYPES_H 1
| #define HAVE_SYS_STAT_H 1
| #define HAVE_STDLIB_H 1
| #define HAVE_STRING_H 1
| #define HAVE_MEMORY_H 1
| #define HAVE_STRINGS_H 1
| #define HAVE_INTTYPES_H 1
| #define HAVE_STDINT_H 1
| #define HAVE_UNISTD_H 1
| #define __EXTENSIONS__ 1
| #define _ALL_SOURCE 1
| #define _GNU_SOURCE 1
| #define _POSIX_PTHREAD_SEMANTICS 1
| #define _TANDEM_SOURCE 1
| #define CGMINER_MAJOR_VERSION 0
| #define CGMINER_MINOR_VERSION 5
| #define CGMINER_MINOR_SUBVERSION 4pre1
| #define LT_OBJDIR ".libs/"
| #define HAVE_WCHAR_H 1
| #define HAVE_STDINT_H 1
| #define HAVE_MPROTECT 1
| #define HAVE_DECL_MEMMEM 0
| #define restrict __restrict
| #define uid_t int
| #define gid_t int
| #define HAVE_WCHAR_T 1
| #define HAVE_UNSIGNED_LONG_LONG_INT 1
| #define HAVE_LONG_LONG_INT 1
| /* end confdefs.h.  */
| #include <string.h>
| 
| int
| main ()
| {
| #undef memrchr
|   (void) memrchr;
|   ;
|   return 0;
| }
configure:14620: result: no
configure:14594: checking whether rawmemchr is declared without a macro
configure:14612: gcc -c -O2 -msse2  conftest.c >&5
conftest.c: In function 'main':
conftest.c:46:10: error: 'rawmemchr' undeclared (first use in this function)
conftest.c:46:10: note: each undeclared identifier is reported only once for each function it appears in
configure:14612: $? = 1
configure: failed program was:
| /* confdefs.h */
| #define PACKAGE_NAME "ALTMiner"
| #define PACKAGE_TARNAME "altminer"
| #define PACKAGE_VERSION "0.5.4pre1"
| #define PACKAGE_STRING "ALTMiner 0.5.4pre1"
| #define PACKAGE_BUGREPORT ""
| #define PACKAGE_URL ""
| #define PACKAGE "altminer"
| #define VERSION "0.5.4pre1"
| #define STDC_HEADERS 1
| #define HAVE_SYS_TYPES_H 1
| #define HAVE_SYS_STAT_H 1
| #define HAVE_STDLIB_H 1
| #define HAVE_STRING_H 1
| #define HAVE_MEMORY_H 1
| #define HAVE_STRINGS_H 1
| #define HAVE_INTTYPES_H 1
| #define HAVE_STDINT_H 1
| #define HAVE_UNISTD_H 1
| #define __EXTENSIONS__ 1
| #define _ALL_SOURCE 1
| #define _GNU_SOURCE 1
| #define _POSIX_PTHREAD_SEMANTICS 1
| #define _TANDEM_SOURCE 1
| #define CGMINER_MAJOR_VERSION 0
| #define CGMINER_MINOR_VERSION 5
| #define CGMINER_MINOR_SUBVERSION 4pre1
| #define LT_OBJDIR ".libs/"
| #define HAVE_WCHAR_H 1
| #define HAVE_STDINT_H 1
| #define HAVE_MPROTECT 1
| #define HAVE_DECL_MEMMEM 0
| #define restrict __restrict
| #define uid_t int
| #define gid_t int
| #define HAVE_WCHAR_T 1
| #define HAVE_UNSIGNED_LONG_LONG_INT 1
| #define HAVE_LONG_LONG_INT 1
| /* end confdefs.h.  */
| #include <string.h>
| 
| int
| main ()
| {
| #undef rawmemchr
|   (void) rawmemchr;
|   ;
|   return 0;
| }
configure:14620: result: no
configure:14594: checking whether stpcpy is declared without a macro
configure:14612: gcc -c -O2 -msse2  conftest.c >&5
conftest.c: In function 'main':
conftest.c:46:10: error: 'stpcpy' undeclared (first use in this function)
conftest.c:46:10: note: each undeclared identifier is reported only once for each function it appears in
configure:14612: $? = 1
configure: failed program was:
| /* confdefs.h */
| #define PACKAGE_NAME "ALTMiner"
| #define PACKAGE_TARNAME "altminer"
| #define PACKAGE_VERSION "0.5.4pre1"
| #define PACKAGE_STRING "ALTMiner 0.5.4pre1"
| #define PACKAGE_BUGREPORT ""
| #define PACKAGE_URL ""
| #define PACKAGE "altminer"
| #define VERSION "0.5.4pre1"
| #define STDC_HEADERS 1
| #define HAVE_SYS_TYPES_H 1
| #define HAVE_SYS_STAT_H 1
| #define HAVE_STDLIB_H 1
| #define HAVE_STRING_H 1
| #define HAVE_MEMORY_H 1
| #define HAVE_STRINGS_H 1
| #define HAVE_INTTYPES_H 1
| #define HAVE_STDINT_H 1
| #define HAVE_UNISTD_H 1
| #define __EXTENSIONS__ 1
| #define _ALL_SOURCE 1
| #define _GNU_SOURCE 1
| #define _POSIX_PTHREAD_SEMANTICS 1
| #define _TANDEM_SOURCE 1
| #define CGMINER_MAJOR_VERSION 0
| #define CGMINER_MINOR_VERSION 5
| #define CGMINER_MINOR_SUBVERSION 4pre1
| #define LT_OBJDIR ".libs/"
| #define HAVE_WCHAR_H 1
| #define HAVE_STDINT_H 1
| #define HAVE_MPROTECT 1
| #define HAVE_DECL_MEMMEM 0
| #define restrict __restrict
| #define uid_t int
| #define gid_t int
| #define HAVE_WCHAR_T 1
| #define HAVE_UNSIGNED_LONG_LONG_INT 1
| #define HAVE_LONG_LONG_INT 1
| /* end confdefs.h.  */
| #include <string.h>
| 
| int
| main ()
| {
| #undef stpcpy
|   (void) stpcpy;
|   ;
|   return 0;
| }
configure:14620: result: no
configure:14594: checking whether stpncpy is declared without a macro
configure:14612: gcc -c -O2 -msse2  conftest.c >&5
conftest.c: In function 'main':
conftest.c:46:10: error: 'stpncpy' undeclared (first use in this function)
conftest.c:46:10: note: each undeclared identifier is reported only once for each function it appears in
configure:14612: $? = 1
configure: failed program was:
| /* confdefs.h */
| #define PACKAGE_NAME "ALTMiner"
| #define PACKAGE_TARNAME "altminer"
| #define PACKAGE_VERSION "0.5.4pre1"
| #define PACKAGE_STRING "ALTMiner 0.5.4pre1"
| #define PACKAGE_BUGREPORT ""
| #define PACKAGE_URL ""
| #define PACKAGE "altminer"
| #define VERSION "0.5.4pre1"
| #define STDC_HEADERS 1
| #define HAVE_SYS_TYPES_H 1
| #define HAVE_SYS_STAT_H 1
| #define HAVE_STDLIB_H 1
| #define HAVE_STRING_H 1
| #define HAVE_MEMORY_H 1
| #define HAVE_STRINGS_H 1
| #define HAVE_INTTYPES_H 1
| #define HAVE_STDINT_H 1
| #define HAVE_UNISTD_H 1
| #define __EXTENSIONS__ 1
| #define _ALL_SOURCE 1
| #define _GNU_SOURCE 1
| #define _POSIX_PTHREAD_SEMANTICS 1
| #define _TANDEM_SOURCE 1
| #define CGMINER_MAJOR_VERSION 0
| #define CGMINER_MINOR_VERSION 5
| #define CGMINER_MINOR_SUBVERSION 4pre1
| #define LT_OBJDIR ".libs/"
| #define HAVE_WCHAR_H 1
| #define HAVE_STDINT_H 1
| #define HAVE_MPROTECT 1
| #define HAVE_DECL_MEMMEM 0
| #define restrict __restrict
| #define uid_t int
| #define gid_t int
| #define HAVE_WCHAR_T 1
| #define HAVE_UNSIGNED_LONG_LONG_INT 1
| #define HAVE_LONG_LONG_INT 1
| /* end confdefs.h.  */
| #include <string.h>
| 
| int
| main ()
| {
| #undef stpncpy
|   (void) stpncpy;
|   ;
|   return 0;
| }
configure:14620: result: no
configure:14594: checking whether strchrnul is declared without a macro
configure:14612: gcc -c -O2 -msse2  conftest.c >&5
conftest.c: In function 'main':
conftest.c:46:10: error: 'strchrnul' undeclared (first use in this function)
conftest.c:46:10: note: each undeclared identifier is reported only once for each function it appears in
configure:14612: $? = 1
configure: failed program was:
| /* confdefs.h */
| #define PACKAGE_NAME "ALTMiner"
| #define PACKAGE_TARNAME "altminer"
| #define PACKAGE_VERSION "0.5.4pre1"
| #define PACKAGE_STRING "ALTMiner 0.5.4pre1"
| #define PACKAGE_BUGREPORT ""
| #define PACKAGE_URL ""
| #define PACKAGE "altminer"
| #define VERSION "0.5.4pre1"
| #define STDC_HEADERS 1
| #define HAVE_SYS_TYPES_H 1
| #define HAVE_SYS_STAT_H 1
| #define HAVE_STDLIB_H 1
| #define HAVE_STRING_H 1
| #define HAVE_MEMORY_H 1
| #define HAVE_STRINGS_H 1
| #define HAVE_INTTYPES_H 1
| #define HAVE_STDINT_H 1
| #define HAVE_UNISTD_H 1
| #define __EXTENSIONS__ 1
| #define _ALL_SOURCE 1
| #define _GNU_SOURCE 1
| #define _POSIX_PTHREAD_SEMANTICS 1
| #define _TANDEM_SOURCE 1
| #define CGMINER_MAJOR_VERSION 0
| #define CGMINER_MINOR_VERSION 5
| #define CGMINER_MINOR_SUBVERSION 4pre1
| #define LT_OBJDIR ".libs/"
| #define HAVE_WCHAR_H 1
| #define HAVE_STDINT_H 1
| #define HAVE_MPROTECT 1
| #define HAVE_DECL_MEMMEM 0
| #define restrict __restrict
| #define uid_t int
| #define gid_t int
| #define HAVE_WCHAR_T 1
| #define HAVE_UNSIGNED_LONG_LONG_INT 1
| #define HAVE_LONG_LONG_INT 1
| /* end confdefs.h.  */
| #include <string.h>
| 
| int
| main ()
| {
| #undef strchrnul
|   (void) strchrnul;
|   ;
|   return 0;
| }
configure:14620: result: no
configure:14594: checking whether strdup is declared without a macro
configure:14612: gcc -c -O2 -msse2  conftest.c >&5
configure:14612: $? = 0
configure:14620: result: yes
configure:14594: checking whether strncat is declared without a macro
configure:14612: gcc -c -O2 -msse2  conftest.c >&5
configure:14612: $? = 0
configure:14620: result: yes
configure:14594: checking whether strndup is declared without a macro
configure:14612: gcc -c -O2 -msse2  conftest.c >&5
conftest.c: In function 'main':
conftest.c:48:10: error: 'strndup' undeclared (first use in this function)
conftest.c:48:10: note: each undeclared identifier is reported only once for each function it appears in
configure:14612: $? = 1
configure: failed program was:
| /* confdefs.h */
| #define PACKAGE_NAME "ALTMiner"
| #define PACKAGE_TARNAME "altminer"
| #define PACKAGE_VERSION "0.5.4pre1"
| #define PACKAGE_STRING "ALTMiner 0.5.4pre1"
| #define PACKAGE_BUGREPORT ""
| #define PACKAGE_URL ""
| #define PACKAGE "altminer"
| #define VERSION "0.5.4pre1"
| #define STDC_HEADERS 1
| #define HAVE_SYS_TYPES_H 1
| #define HAVE_SYS_STAT_H 1
| #define HAVE_STDLIB_H 1
| #define HAVE_STRING_H 1
| #define HAVE_MEMORY_H 1
| #define HAVE_STRINGS_H 1
| #define HAVE_INTTYPES_H 1
| #define HAVE_STDINT_H 1
| #define HAVE_UNISTD_H 1
| #define __EXTENSIONS__ 1
| #define _ALL_SOURCE 1
| #define _GNU_SOURCE 1
| #define _POSIX_PTHREAD_SEMANTICS 1
| #define _TANDEM_SOURCE 1
| #define CGMINER_MAJOR_VERSION 0
| #define CGMINER_MINOR_VERSION 5
| #define CGMINER_MINOR_SUBVERSION 4pre1
| #define LT_OBJDIR ".libs/"
| #define HAVE_WCHAR_H 1
| #define HAVE_STDINT_H 1
| #define HAVE_MPROTECT 1
| #define HAVE_DECL_MEMMEM 0
| #define restrict __restrict
| #define uid_t int
| #define gid_t int
| #define HAVE_WCHAR_T 1
| #define HAVE_UNSIGNED_LONG_LONG_INT 1
| #define HAVE_LONG_LONG_INT 1
| #define HAVE_RAW_DECL_STRDUP 1
| #define HAVE_RAW_DECL_STRNCAT 1
| /* end confdefs.h.  */
| #include <string.h>
| 
| int
| main ()
| {
| #undef strndup
|   (void) strndup;
|   ;
|   return 0;
| }
configure:14620: result: no
configure:14594: checking whether strnlen is declared without a macro
configure:14612: gcc -c -O2 -msse2  conftest.c >&5
conftest.c: In function 'main':
conftest.c:48:10: error: 'strnlen' undeclared (first use in this function)
conftest.c:48:10: note: each undeclared identifier is reported only once for each function it appears in
configure:14612: $? = 1
configure: failed program was:
| /* confdefs.h */
| #define PACKAGE_NAME "ALTMiner"
| #define PACKAGE_TARNAME "altminer"
| #define PACKAGE_VERSION "0.5.4pre1"
| #define PACKAGE_STRING "ALTMiner 0.5.4pre1"
| #define PACKAGE_BUGREPORT ""
| #define PACKAGE_URL ""
| #define PACKAGE "altminer"
| #define VERSION "0.5.4pre1"
| #define STDC_HEADERS 1
| #define HAVE_SYS_TYPES_H 1
| #define HAVE_SYS_STAT_H 1
| #define HAVE_STDLIB_H 1
| #define HAVE_STRING_H 1
| #define HAVE_MEMORY_H 1
| #define HAVE_STRINGS_H 1
| #define HAVE_INTTYPES_H 1
| #define HAVE_STDINT_H 1
| #define HAVE_UNISTD_H 1
| #define __EXTENSIONS__ 1
| #define _ALL_SOURCE 1
| #define _GNU_SOURCE 1
| #define _POSIX_PTHREAD_SEMANTICS 1
| #define _TANDEM_SOURCE 1
| #define CGMINER_MAJOR_VERSION 0
| #define CGMINER_MINOR_VERSION 5
| #define CGMINER_MINOR_SUBVERSION 4pre1
| #define LT_OBJDIR ".libs/"
| #define HAVE_WCHAR_H 1
| #define HAVE_STDINT_H 1
| #define HAVE_MPROTECT 1
| #define HAVE_DECL_MEMMEM 0
| #define restrict __restrict
| #define uid_t int
| #define gid_t int
| #define HAVE_WCHAR_T 1
| #define HAVE_UNSIGNED_LONG_LONG_INT 1
| #define HAVE_LONG_LONG_INT 1
| #define HAVE_RAW_DECL_STRDUP 1
| #define HAVE_RAW_DECL_STRNCAT 1
| /* end confdefs.h.  */
| #include <string.h>
| 
| int
| main ()
| {
| #undef strnlen
|   (void) strnlen;
|   ;
|   return 0;
| }
configure:14620: result: no
configure:14594: checking whether strpbrk is declared without a macro
configure:14612: gcc -c -O2 -msse2  conftest.c >&5
configure:14612: $? = 0
configure:14620: result: yes
configure:14594: checking whether strsep is declared without a macro
configure:14612: gcc -c -O2 -msse2  conftest.c >&5
conftest.c: In function 'main':
conftest.c:49:10: error: 'strsep' undeclared (first use in this function)
conftest.c:49:10: note: each undeclared identifier is reported only once for each function it appears in
configure:14612: $? = 1
configure: failed program was:
| /* confdefs.h */
| #define PACKAGE_NAME "ALTMiner"
| #define PACKAGE_TARNAME "altminer"
| #define PACKAGE_VERSION "0.5.4pre1"
| #define PACKAGE_STRING "ALTMiner 0.5.4pre1"
| #define PACKAGE_BUGREPORT ""
| #define PACKAGE_URL ""
| #define PACKAGE "altminer"
| #define VERSION "0.5.4pre1"
| #define STDC_HEADERS 1
| #define HAVE_SYS_TYPES_H 1
| #define HAVE_SYS_STAT_H 1
| #define HAVE_STDLIB_H 1
| #define HAVE_STRING_H 1
| #define HAVE_MEMORY_H 1
| #define HAVE_STRINGS_H 1
| #define HAVE_INTTYPES_H 1
| #define HAVE_STDINT_H 1
| #define HAVE_UNISTD_H 1
| #define __EXTENSIONS__ 1
| #define _ALL_SOURCE 1
| #define _GNU_SOURCE 1
| #define _POSIX_PTHREAD_SEMANTICS 1
| #define _TANDEM_SOURCE 1
| #define CGMINER_MAJOR_VERSION 0
| #define CGMINER_MINOR_VERSION 5
| #define CGMINER_MINOR_SUBVERSION 4pre1
| #define LT_OBJDIR ".libs/"
| #define HAVE_WCHAR_H 1
| #define HAVE_STDINT_H 1
| #define HAVE_MPROTECT 1
| #define HAVE_DECL_MEMMEM 0
| #define restrict __restrict
| #define uid_t int
| #define gid_t int
| #define HAVE_WCHAR_T 1
| #define HAVE_UNSIGNED_LONG_LONG_INT 1
| #define HAVE_LONG_LONG_INT 1
| #define HAVE_RAW_DECL_STRDUP 1
| #define HAVE_RAW_DECL_STRNCAT 1
| #define HAVE_RAW_DECL_STRPBRK 1
| /* end confdefs.h.  */
| #include <string.h>
| 
| int
| main ()
| {
| #undef strsep
|   (void) strsep;
|   ;
|   return 0;
| }
configure:14620: result: no
configure:14594: checking whether strcasestr is declared without a macro
configure:14612: gcc -c -O2 -msse2  conftest.c >&5
conftest.c: In function 'main':
conftest.c:49:10: error: 'strcasestr' undeclared (first use in this function)
conftest.c:49:10: note: each undeclared identifier is reported only once for each function it appears in
configure:14612: $? = 1
configure: failed program was:
| /* confdefs.h */
| #define PACKAGE_NAME "ALTMiner"
| #define PACKAGE_TARNAME "altminer"
| #define PACKAGE_VERSION "0.5.4pre1"
| #define PACKAGE_STRING "ALTMiner 0.5.4pre1"
| #define PACKAGE_BUGREPORT ""
| #define PACKAGE_URL ""
| #define PACKAGE "altminer"
| #define VERSION "0.5.4pre1"
| #define STDC_HEADERS 1
| #define HAVE_SYS_TYPES_H 1
| #define HAVE_SYS_STAT_H 1
| #define HAVE_STDLIB_H 1
| #define HAVE_STRING_H 1
| #define HAVE_MEMORY_H 1
| #define HAVE_STRINGS_H 1
| #define HAVE_INTTYPES_H 1
| #define HAVE_STDINT_H 1
| #define HAVE_UNISTD_H 1
| #define __EXTENSIONS__ 1
| #define _ALL_SOURCE 1
| #define _GNU_SOURCE 1
| #define _POSIX_PTHREAD_SEMANTICS 1
| #define _TANDEM_SOURCE 1
| #define CGMINER_MAJOR_VERSION 0
| #define CGMINER_MINOR_VERSION 5
| #define CGMINER_MINOR_SUBVERSION 4pre1
| #define LT_OBJDIR ".libs/"
| #define HAVE_WCHAR_H 1
| #define HAVE_STDINT_H 1
| #define HAVE_MPROTECT 1
| #define HAVE_DECL_MEMMEM 0
| #define restrict __restrict
| #define uid_t int
| #define gid_t int
| #define HAVE_WCHAR_T 1
| #define HAVE_UNSIGNED_LONG_LONG_INT 1
| #define HAVE_LONG_LONG_INT 1
| #define HAVE_RAW_DECL_STRDUP 1
| #define HAVE_RAW_DECL_STRNCAT 1
| #define HAVE_RAW_DECL_STRPBRK 1
| /* end confdefs.h.  */
| #include <string.h>
| 
| int
| main ()
| {
| #undef strcasestr
|   (void) strcasestr;
|   ;
|   return 0;
| }
configure:14620: result: no
configure:14594: checking whether strtok_r is declared without a macro
configure:14612: gcc -c -O2 -msse2  conftest.c >&5
conftest.c: In function 'main':
conftest.c:49:10: error: 'strtok_r' undeclared (first use in this function)
conftest.c:49:10: note: each undeclared identifier is reported only once for each function it appears in
configure:14612: $? = 1
configure: failed program was:
| /* confdefs.h */
| #define PACKAGE_NAME "ALTMiner"
| #define PACKAGE_TARNAME "altminer"
| #define PACKAGE_VERSION "0.5.4pre1"
| #define PACKAGE_STRING "ALTMiner 0.5.4pre1"
| #define PACKAGE_BUGREPORT ""
| #define PACKAGE_URL ""
| #define PACKAGE "altminer"
| #define VERSION "0.5.4pre1"
| #define STDC_HEADERS 1
| #define HAVE_SYS_TYPES_H 1
| #define HAVE_SYS_STAT_H 1
| #define HAVE_STDLIB_H 1
| #define HAVE_STRING_H 1
| #define HAVE_MEMORY_H 1
| #define HAVE_STRINGS_H 1
| #define HAVE_INTTYPES_H 1
| #define HAVE_STDINT_H 1
| #define HAVE_UNISTD_H 1
| #define __EXTENSIONS__ 1
| #define _ALL_SOURCE 1
| #define _GNU_SOURCE 1
| #define _POSIX_PTHREAD_SEMANTICS 1
| #define _TANDEM_SOURCE 1
| #define CGMINER_MAJOR_VERSION 0
| #define CGMINER_MINOR_VERSION 5
| #define CGMINER_MINOR_SUBVERSION 4pre1
| #define LT_OBJDIR ".libs/"
| #define HAVE_WCHAR_H 1
| #define HAVE_STDINT_H 1
| #define HAVE_MPROTECT 1
| #define HAVE_DECL_MEMMEM 0
| #define restrict __restrict
| #define uid_t int
| #define gid_t int
| #define HAVE_WCHAR_T 1
| #define HAVE_UNSIGNED_LONG_LONG_INT 1
| #define HAVE_LONG_LONG_INT 1
| #define HAVE_RAW_DECL_STRDUP 1
| #define HAVE_RAW_DECL_STRNCAT 1
| #define HAVE_RAW_DECL_STRPBRK 1
| /* end confdefs.h.  */
| #include <string.h>
| 
| int
| main ()
| {
| #undef strtok_r
|   (void) strtok_r;
|   ;
|   return 0;
| }
configure:14620: result: no
configure:14594: checking whether strerror_r is declared without a macro
configure:14612: gcc -c -O2 -msse2  conftest.c >&5
conftest.c: In function 'main':
conftest.c:49:10: error: 'strerror_r' undeclared (first use in this function)
conftest.c:49:10: note: each undeclared identifier is reported only once for each function it appears in
configure:14612: $? = 1
configure: failed program was:
| /* confdefs.h */
| #define PACKAGE_NAME "ALTMiner"
| #define PACKAGE_TARNAME "altminer"
| #define PACKAGE_VERSION "0.5.4pre1"
| #define PACKAGE_STRING "ALTMiner 0.5.4pre1"
| #define PACKAGE_BUGREPORT ""
| #define PACKAGE_URL ""
| #define PACKAGE "altminer"
| #define VERSION "0.5.4pre1"
| #define STDC_HEADERS 1
| #define HAVE_SYS_TYPES_H 1
| #define HAVE_SYS_STAT_H 1
| #define HAVE_STDLIB_H 1
| #define HAVE_STRING_H 1
| #define HAVE_MEMORY_H 1
| #define HAVE_STRINGS_H 1
| #define HAVE_INTTYPES_H 1
| #define HAVE_STDINT_H 1
| #define HAVE_UNISTD_H 1
| #define __EXTENSIONS__ 1
| #define _ALL_SOURCE 1
| #define _GNU_SOURCE 1
| #define _POSIX_PTHREAD_SEMANTICS 1
| #define _TANDEM_SOURCE 1
| #define CGMINER_MAJOR_VERSION 0
| #define CGMINER_MINOR_VERSION 5
| #define CGMINER_MINOR_SUBVERSION 4pre1
| #define LT_OBJDIR ".libs/"
| #define HAVE_WCHAR_H 1
| #define HAVE_STDINT_H 1
| #define HAVE_MPROTECT 1
| #define HAVE_DECL_MEMMEM 0
| #define restrict __restrict
| #define uid_t int
| #define gid_t int
| #define HAVE_WCHAR_T 1
| #define HAVE_UNSIGNED_LONG_LONG_INT 1
| #define HAVE_LONG_LONG_INT 1
| #define HAVE_RAW_DECL_STRDUP 1
| #define HAVE_RAW_DECL_STRNCAT 1
| #define HAVE_RAW_DECL_STRPBRK 1
| /* end confdefs.h.  */
| #include <string.h>
| 
| int
| main ()
| {
| #undef strerror_r
|   (void) strerror_r;
|   ;
|   return 0;
| }
configure:14620: result: no
configure:14594: checking whether strsignal is declared without a macro
configure:14612: gcc -c -O2 -msse2  conftest.c >&5
conftest.c: In function 'main':
conftest.c:49:10: error: 'strsignal' undeclared (first use in this function)
conftest.c:49:10: note: each undeclared identifier is reported only once for each function it appears in
configure:14612: $? = 1
configure: failed program was:
| /* confdefs.h */
| #define PACKAGE_NAME "ALTMiner"
| #define PACKAGE_TARNAME "altminer"
| #define PACKAGE_VERSION "0.5.4pre1"
| #define PACKAGE_STRING "ALTMiner 0.5.4pre1"
| #define PACKAGE_BUGREPORT ""
| #define PACKAGE_URL ""
| #define PACKAGE "altminer"
| #define VERSION "0.5.4pre1"
| #define STDC_HEADERS 1
| #define HAVE_SYS_TYPES_H 1
| #define HAVE_SYS_STAT_H 1
| #define HAVE_STDLIB_H 1
| #define HAVE_STRING_H 1
| #define HAVE_MEMORY_H 1
| #define HAVE_STRINGS_H 1
| #define HAVE_INTTYPES_H 1
| #define HAVE_STDINT_H 1
| #define HAVE_UNISTD_H 1
| #define __EXTENSIONS__ 1
| #define _ALL_SOURCE 1
| #define _GNU_SOURCE 1
| #define _POSIX_PTHREAD_SEMANTICS 1
| #define _TANDEM_SOURCE 1
| #define CGMINER_MAJOR_VERSION 0
| #define CGMINER_MINOR_VERSION 5
| #define CGMINER_MINOR_SUBVERSION 4pre1
| #define LT_OBJDIR ".libs/"
| #define HAVE_WCHAR_H 1
| #define HAVE_STDINT_H 1
| #define HAVE_MPROTECT 1
| #define HAVE_DECL_MEMMEM 0
| #define restrict __restrict
| #define uid_t int
| #define gid_t int
| #define HAVE_WCHAR_T 1
| #define HAVE_UNSIGNED_LONG_LONG_INT 1
| #define HAVE_LONG_LONG_INT 1
| #define HAVE_RAW_DECL_STRDUP 1
| #define HAVE_RAW_DECL_STRNCAT 1
| #define HAVE_RAW_DECL_STRPBRK 1
| /* end confdefs.h.  */
| #include <string.h>
| 
| int
| main ()
| {
| #undef strsignal
|   (void) strsignal;
|   ;
|   return 0;
| }
configure:14620: result: no
configure:14594: checking whether strverscmp is declared without a macro
configure:14612: gcc -c -O2 -msse2  conftest.c >&5
conftest.c: In function 'main':
conftest.c:49:10: error: 'strverscmp' undeclared (first use in this function)
conftest.c:49:10: note: each undeclared identifier is reported only once for each function it appears in
configure:14612: $? = 1
configure: failed program was:
| /* confdefs.h */
| #define PACKAGE_NAME "ALTMiner"
| #define PACKAGE_TARNAME "altminer"
| #define PACKAGE_VERSION "0.5.4pre1"
| #define PACKAGE_STRING "ALTMiner 0.5.4pre1"
| #define PACKAGE_BUGREPORT ""
| #define PACKAGE_URL ""
| #define PACKAGE "altminer"
| #define VERSION "0.5.4pre1"
| #define STDC_HEADERS 1
| #define HAVE_SYS_TYPES_H 1
| #define HAVE_SYS_STAT_H 1
| #define HAVE_STDLIB_H 1
| #define HAVE_STRING_H 1
| #define HAVE_MEMORY_H 1
| #define HAVE_STRINGS_H 1
| #define HAVE_INTTYPES_H 1
| #define HAVE_STDINT_H 1
| #define HAVE_UNISTD_H 1
| #define __EXTENSIONS__ 1
| #define _ALL_SOURCE 1
| #define _GNU_SOURCE 1
| #define _POSIX_PTHREAD_SEMANTICS 1
| #define _TANDEM_SOURCE 1
| #define CGMINER_MAJOR_VERSION 0
| #define CGMINER_MINOR_VERSION 5
| #define CGMINER_MINOR_SUBVERSION 4pre1
| #define LT_OBJDIR ".libs/"
| #define HAVE_WCHAR_H 1
| #define HAVE_STDINT_H 1
| #define HAVE_MPROTECT 1
| #define HAVE_DECL_MEMMEM 0
| #define restrict __restrict
| #define uid_t int
| #define gid_t int
| #define HAVE_WCHAR_T 1
| #define HAVE_UNSIGNED_LONG_LONG_INT 1
| #define HAVE_LONG_LONG_INT 1
| #define HAVE_RAW_DECL_STRDUP 1
| #define HAVE_RAW_DECL_STRNCAT 1
| #define HAVE_RAW_DECL_STRPBRK 1
| /* end confdefs.h.  */
| #include <string.h>
| 
| int
| main ()
| {
| #undef strverscmp
|   (void) strverscmp;
|   ;
|   return 0;
| }
configure:14620: result: no
configure:14807: checking for memmem
configure:14807: result: no
configure:14996: checking for siginfo_t
configure:14996: gcc -c -O2 -msse2  conftest.c >&5
conftest.c: In function 'main':
conftest.c:52:13: error: 'siginfo_t' undeclared (first use in this function)
conftest.c:52:13: note: each undeclared identifier is reported only once for each function it appears in
configure:14996: $? = 1
configure: failed program was:
| /* confdefs.h */
| #define PACKAGE_NAME "ALTMiner"
| #define PACKAGE_TARNAME "altminer"
| #define PACKAGE_VERSION "0.5.4pre1"
| #define PACKAGE_STRING "ALTMiner 0.5.4pre1"
| #define PACKAGE_BUGREPORT ""
| #define PACKAGE_URL ""
| #define PACKAGE "altminer"
| #define VERSION "0.5.4pre1"
| #define STDC_HEADERS 1
| #define HAVE_SYS_TYPES_H 1
| #define HAVE_SYS_STAT_H 1
| #define HAVE_STDLIB_H 1
| #define HAVE_STRING_H 1
| #define HAVE_MEMORY_H 1
| #define HAVE_STRINGS_H 1
| #define HAVE_INTTYPES_H 1
| #define HAVE_STDINT_H 1
| #define HAVE_UNISTD_H 1
| #define __EXTENSIONS__ 1
| #define _ALL_SOURCE 1
| #define _GNU_SOURCE 1
| #define _POSIX_PTHREAD_SEMANTICS 1
| #define _TANDEM_SOURCE 1
| #define CGMINER_MAJOR_VERSION 0
| #define CGMINER_MINOR_VERSION 5
| #define CGMINER_MINOR_SUBVERSION 4pre1
| #define LT_OBJDIR ".libs/"
| #define HAVE_WCHAR_H 1
| #define HAVE_STDINT_H 1
| #define HAVE_MPROTECT 1
| #define HAVE_DECL_MEMMEM 0
| #define restrict __restrict
| #define uid_t int
| #define gid_t int
| #define HAVE_WCHAR_T 1
| #define HAVE_UNSIGNED_LONG_LONG_INT 1
| #define HAVE_LONG_LONG_INT 1
| #define HAVE_RAW_DECL_STRDUP 1
| #define HAVE_RAW_DECL_STRNCAT 1
| #define HAVE_RAW_DECL_STRPBRK 1
| #define GNULIB_TEST_MEMCHR 1
| #define GNULIB_TEST_MEMMEM 1
| /* end confdefs.h.  */
| 
| #include <signal.h>
| 
| 
| int
| main ()
| {
| if (sizeof (siginfo_t))
| 	 return 0;
|   ;
|   return 0;
| }
configure:14996: result: no
configure:15087: checking for volatile sig_atomic_t
configure:15087: gcc -c -O2 -msse2  conftest.c >&5
configure:15087: $? = 0
configure:15087: gcc -c -O2 -msse2  conftest.c >&5
conftest.c: In function 'main':
conftest.c:53:36: error: expected expression before ')' token
configure:15087: $? = 1
configure: failed program was:
| /* confdefs.h */
| #define PACKAGE_NAME "ALTMiner"
| #define PACKAGE_TARNAME "altminer"
| #define PACKAGE_VERSION "0.5.4pre1"
| #define PACKAGE_STRING "ALTMiner 0.5.4pre1"
| #define PACKAGE_BUGREPORT ""
| #define PACKAGE_URL ""
| #define PACKAGE "altminer"
| #define VERSION "0.5.4pre1"
| #define STDC_HEADERS 1
| #define HAVE_SYS_TYPES_H 1
| #define HAVE_SYS_STAT_H 1
| #define HAVE_STDLIB_H 1
| #define HAVE_STRING_H 1
| #define HAVE_MEMORY_H 1
| #define HAVE_STRINGS_H 1
| #define HAVE_INTTYPES_H 1
| #define HAVE_STDINT_H 1
| #define HAVE_UNISTD_H 1
| #define __EXTENSIONS__ 1
| #define _ALL_SOURCE 1
| #define _GNU_SOURCE 1
| #define _POSIX_PTHREAD_SEMANTICS 1
| #define _TANDEM_SOURCE 1
| #define CGMINER_MAJOR_VERSION 0
| #define CGMINER_MINOR_VERSION 5
| #define CGMINER_MINOR_SUBVERSION 4pre1
| #define LT_OBJDIR ".libs/"
| #define HAVE_WCHAR_H 1
| #define HAVE_STDINT_H 1
| #define HAVE_MPROTECT 1
| #define HAVE_DECL_MEMMEM 0
| #define restrict __restrict
| #define uid_t int
| #define gid_t int
| #define HAVE_WCHAR_T 1
| #define HAVE_UNSIGNED_LONG_LONG_INT 1
| #define HAVE_LONG_LONG_INT 1
| #define HAVE_RAW_DECL_STRDUP 1
| #define HAVE_RAW_DECL_STRNCAT 1
| #define HAVE_RAW_DECL_STRPBRK 1
| #define GNULIB_TEST_MEMCHR 1
| #define GNULIB_TEST_MEMMEM 1
| #define GNULIB_TEST_SIGACTION 1
| /* end confdefs.h.  */
| 
| #include <signal.h>
| 
| 
| int
| main ()
| {
| if (sizeof ((volatile sig_atomic_t)))
| 	    return 0;
|   ;
|   return 0;
| }
configure:15087: result: yes
configure:15101: checking for sighandler_t
configure:15101: gcc -c -O2 -msse2  conftest.c >&5
conftest.c: In function 'main':
conftest.c:53:13: error: 'sighandler_t' undeclared (first use in this function)
conftest.c:53:13: note: each undeclared identifier is reported only once for each function it appears in
configure:15101: $? = 1
configure: failed program was:
| /* confdefs.h */
| #define PACKAGE_NAME "ALTMiner"
| #define PACKAGE_TARNAME "altminer"
| #define PACKAGE_VERSION "0.5.4pre1"
| #define PACKAGE_STRING "ALTMiner 0.5.4pre1"
| #define PACKAGE_BUGREPORT ""
| #define PACKAGE_URL ""
| #define PACKAGE "altminer"
| #define VERSION "0.5.4pre1"
| #define STDC_HEADERS 1
| #define HAVE_SYS_TYPES_H 1
| #define HAVE_SYS_STAT_H 1
| #define HAVE_STDLIB_H 1
| #define HAVE_STRING_H 1
| #define HAVE_MEMORY_H 1
| #define HAVE_STRINGS_H 1
| #define HAVE_INTTYPES_H 1
| #define HAVE_STDINT_H 1
| #define HAVE_UNISTD_H 1
| #define __EXTENSIONS__ 1
| #define _ALL_SOURCE 1
| #define _GNU_SOURCE 1
| #define _POSIX_PTHREAD_SEMANTICS 1
| #define _TANDEM_SOURCE 1
| #define CGMINER_MAJOR_VERSION 0
| #define CGMINER_MINOR_VERSION 5
| #define CGMINER_MINOR_SUBVERSION 4pre1
| #define LT_OBJDIR ".libs/"
| #define HAVE_WCHAR_H 1
| #define HAVE_STDINT_H 1
| #define HAVE_MPROTECT 1
| #define HAVE_DECL_MEMMEM 0
| #define restrict __restrict
| #define uid_t int
| #define gid_t int
| #define HAVE_WCHAR_T 1
| #define HAVE_UNSIGNED_LONG_LONG_INT 1
| #define HAVE_LONG_LONG_INT 1
| #define HAVE_RAW_DECL_STRDUP 1
| #define HAVE_RAW_DECL_STRNCAT 1
| #define HAVE_RAW_DECL_STRPBRK 1
| #define GNULIB_TEST_MEMCHR 1
| #define GNULIB_TEST_MEMMEM 1
| #define GNULIB_TEST_SIGACTION 1
| /* end confdefs.h.  */
| 
| #include <signal.h>
| 
| 
| int
| main ()
| {
| if (sizeof (sighandler_t))
| 	 return 0;
|   ;
|   return 0;
| }
configure:15101: result: no
configure:15115: checking whether sigaction is declared without a macro
configure:15133: gcc -c -O2 -msse2  conftest.c >&5
conftest.c: In function 'main':
conftest.c:52:10: error: 'sigaction' undeclared (first use in this function)
conftest.c:52:10: note: each undeclared identifier is reported only once for each function it appears in
configure:15133: $? = 1
configure: failed program was:
| /* confdefs.h */
| #define PACKAGE_NAME "ALTMiner"
| #define PACKAGE_TARNAME "altminer"
| #define PACKAGE_VERSION "0.5.4pre1"
| #define PACKAGE_STRING "ALTMiner 0.5.4pre1"
| #define PACKAGE_BUGREPORT ""
| #define PACKAGE_URL ""
| #define PACKAGE "altminer"
| #define VERSION "0.5.4pre1"
| #define STDC_HEADERS 1
| #define HAVE_SYS_TYPES_H 1
| #define HAVE_SYS_STAT_H 1
| #define HAVE_STDLIB_H 1
| #define HAVE_STRING_H 1
| #define HAVE_MEMORY_H 1
| #define HAVE_STRINGS_H 1
| #define HAVE_INTTYPES_H 1
| #define HAVE_STDINT_H 1
| #define HAVE_UNISTD_H 1
| #define __EXTENSIONS__ 1
| #define _ALL_SOURCE 1
| #define _GNU_SOURCE 1
| #define _POSIX_PTHREAD_SEMANTICS 1
| #define _TANDEM_SOURCE 1
| #define CGMINER_MAJOR_VERSION 0
| #define CGMINER_MINOR_VERSION 5
| #define CGMINER_MINOR_SUBVERSION 4pre1
| #define LT_OBJDIR ".libs/"
| #define HAVE_WCHAR_H 1
| #define HAVE_STDINT_H 1
| #define HAVE_MPROTECT 1
| #define HAVE_DECL_MEMMEM 0
| #define restrict __restrict
| #define uid_t int
| #define gid_t int
| #define HAVE_WCHAR_T 1
| #define HAVE_UNSIGNED_LONG_LONG_INT 1
| #define HAVE_LONG_LONG_INT 1
| #define HAVE_RAW_DECL_STRDUP 1
| #define HAVE_RAW_DECL_STRNCAT 1
| #define HAVE_RAW_DECL_STRPBRK 1
| #define GNULIB_TEST_MEMCHR 1
| #define GNULIB_TEST_MEMMEM 1
| #define GNULIB_TEST_SIGACTION 1
| /* end confdefs.h.  */
| #include <signal.h>
| 
| int
| main ()
| {
| #undef sigaction
|   (void) sigaction;
|   ;
|   return 0;
| }
configure:15141: result: no
configure:15115: checking whether sigaddset is declared without a macro
configure:15133: gcc -c -O2 -msse2  conftest.c >&5
conftest.c: In function 'main':
conftest.c:52:10: error: 'sigaddset' undeclared (first use in this function)
conftest.c:52:10: note: each undeclared identifier is reported only once for each function it appears in
configure:15133: $? = 1
configure: failed program was:
| /* confdefs.h */
| #define PACKAGE_NAME "ALTMiner"
| #define PACKAGE_TARNAME "altminer"
| #define PACKAGE_VERSION "0.5.4pre1"
| #define PACKAGE_STRING "ALTMiner 0.5.4pre1"
| #define PACKAGE_BUGREPORT ""
| #define PACKAGE_URL ""
| #define PACKAGE "altminer"
| #define VERSION "0.5.4pre1"
| #define STDC_HEADERS 1
| #define HAVE_SYS_TYPES_H 1
| #define HAVE_SYS_STAT_H 1
| #define HAVE_STDLIB_H 1
| #define HAVE_STRING_H 1
| #define HAVE_MEMORY_H 1
| #define HAVE_STRINGS_H 1
| #define HAVE_INTTYPES_H 1
| #define HAVE_STDINT_H 1
| #define HAVE_UNISTD_H 1
| #define __EXTENSIONS__ 1
| #define _ALL_SOURCE 1
| #define _GNU_SOURCE 1
| #define _POSIX_PTHREAD_SEMANTICS 1
| #define _TANDEM_SOURCE 1
| #define CGMINER_MAJOR_VERSION 0
| #define CGMINER_MINOR_VERSION 5
| #define CGMINER_MINOR_SUBVERSION 4pre1
| #define LT_OBJDIR ".libs/"
| #define HAVE_WCHAR_H 1
| #define HAVE_STDINT_H 1
| #define HAVE_MPROTECT 1
| #define HAVE_DECL_MEMMEM 0
| #define restrict __restrict
| #define uid_t int
| #define gid_t int
| #define HAVE_WCHAR_T 1
| #define HAVE_UNSIGNED_LONG_LONG_INT 1
| #define HAVE_LONG_LONG_INT 1
| #define HAVE_RAW_DECL_STRDUP 1
| #define HAVE_RAW_DECL_STRNCAT 1
| #define HAVE_RAW_DECL_STRPBRK 1
| #define GNULIB_TEST_MEMCHR 1
| #define GNULIB_TEST_MEMMEM 1
| #define GNULIB_TEST_SIGACTION 1
| /* end confdefs.h.  */
| #include <signal.h>
| 
| int
| main ()
| {
| #undef sigaddset
|   (void) sigaddset;
|   ;
|   return 0;
| }
configure:15141: result: no
configure:15115: checking whether sigdelset is declared without a macro
configure:15133: gcc -c -O2 -msse2  conftest.c >&5
conftest.c: In function 'main':
conftest.c:52:10: error: 'sigdelset' undeclared (first use in this function)
conftest.c:52:10: note: each undeclared identifier is reported only once for each function it appears in
configure:15133: $? = 1
configure: failed program was:
| /* confdefs.h */
| #define PACKAGE_NAME "ALTMiner"
| #define PACKAGE_TARNAME "altminer"
| #define PACKAGE_VERSION "0.5.4pre1"
| #define PACKAGE_STRING "ALTMiner 0.5.4pre1"
| #define PACKAGE_BUGREPORT ""
| #define PACKAGE_URL ""
| #define PACKAGE "altminer"
| #define VERSION "0.5.4pre1"
| #define STDC_HEADERS 1
| #define HAVE_SYS_TYPES_H 1
| #define HAVE_SYS_STAT_H 1
| #define HAVE_STDLIB_H 1
| #define HAVE_STRING_H 1
| #define HAVE_MEMORY_H 1
| #define HAVE_STRINGS_H 1
| #define HAVE_INTTYPES_H 1
| #define HAVE_STDINT_H 1
| #define HAVE_UNISTD_H 1
| #define __EXTENSIONS__ 1
| #define _ALL_SOURCE 1
| #define _GNU_SOURCE 1
| #define _POSIX_PTHREAD_SEMANTICS 1
| #define _TANDEM_SOURCE 1
| #define CGMINER_MAJOR_VERSION 0
| #define CGMINER_MINOR_VERSION 5
| #define CGMINER_MINOR_SUBVERSION 4pre1
| #define LT_OBJDIR ".libs/"
| #define HAVE_WCHAR_H 1
| #define HAVE_STDINT_H 1
| #define HAVE_MPROTECT 1
| #define HAVE_DECL_MEMMEM 0
| #define restrict __restrict
| #define uid_t int
| #define gid_t int
| #define HAVE_WCHAR_T 1
| #define HAVE_UNSIGNED_LONG_LONG_INT 1
| #define HAVE_LONG_LONG_INT 1
| #define HAVE_RAW_DECL_STRDUP 1
| #define HAVE_RAW_DECL_STRNCAT 1
| #define HAVE_RAW_DECL_STRPBRK 1
| #define GNULIB_TEST_MEMCHR 1
| #define GNULIB_TEST_MEMMEM 1
| #define GNULIB_TEST_SIGACTION 1
| /* end confdefs.h.  */
| #include <signal.h>
| 
| int
| main ()
| {
| #undef sigdelset
|   (void) sigdelset;
|   ;
|   return 0;
| }
configure:15141: result: no
configure:15115: checking whether sigemptyset is declared without a macro
configure:15133: gcc -c -O2 -msse2  conftest.c >&5
conftest.c: In function 'main':
conftest.c:52:10: error: 'sigemptyset' undeclared (first use in this function)
conftest.c:52:10: note: each undeclared identifier is reported only once for each function it appears in
configure:15133: $? = 1
configure: failed program was:
| /* confdefs.h */
| #define PACKAGE_NAME "ALTMiner"
| #define PACKAGE_TARNAME "altminer"
| #define PACKAGE_VERSION "0.5.4pre1"
| #define PACKAGE_STRING "ALTMiner 0.5.4pre1"
| #define PACKAGE_BUGREPORT ""
| #define PACKAGE_URL ""
| #define PACKAGE "altminer"
| #define VERSION "0.5.4pre1"
| #define STDC_HEADERS 1
| #define HAVE_SYS_TYPES_H 1
| #define HAVE_SYS_STAT_H 1
| #define HAVE_STDLIB_H 1
| #define HAVE_STRING_H 1
| #define HAVE_MEMORY_H 1
| #define HAVE_STRINGS_H 1
| #define HAVE_INTTYPES_H 1
| #define HAVE_STDINT_H 1
| #define HAVE_UNISTD_H 1
| #define __EXTENSIONS__ 1
| #define _ALL_SOURCE 1
| #define _GNU_SOURCE 1
| #define _POSIX_PTHREAD_SEMANTICS 1
| #define _TANDEM_SOURCE 1
| #define CGMINER_MAJOR_VERSION 0
| #define CGMINER_MINOR_VERSION 5
| #define CGMINER_MINOR_SUBVERSION 4pre1
| #define LT_OBJDIR ".libs/"
| #define HAVE_WCHAR_H 1
| #define HAVE_STDINT_H 1
| #define HAVE_MPROTECT 1
| #define HAVE_DECL_MEMMEM 0
| #define restrict __restrict
| #define uid_t int
| #define gid_t int
| #define HAVE_WCHAR_T 1
| #define HAVE_UNSIGNED_LONG_LONG_INT 1
| #define HAVE_LONG_LONG_INT 1
| #define HAVE_RAW_DECL_STRDUP 1
| #define HAVE_RAW_DECL_STRNCAT 1
| #define HAVE_RAW_DECL_STRPBRK 1
| #define GNULIB_TEST_MEMCHR 1
| #define GNULIB_TEST_MEMMEM 1
| #define GNULIB_TEST_SIGACTION 1
| /* end confdefs.h.  */
| #include <signal.h>
| 
| int
| main ()
| {
| #undef sigemptyset
|   (void) sigemptyset;
|   ;
|   return 0;
| }
configure:15141: result: no
configure:15115: checking whether sigfillset is declared without a macro
configure:15133: gcc -c -O2 -msse2  conftest.c >&5
conftest.c: In function 'main':
conftest.c:52:10: error: 'sigfillset' undeclared (first use in this function)
conftest.c:52:10: note: each undeclared identifier is reported only once for each function it appears in
configure:15133: $? = 1
configure: failed program was:
| /* confdefs.h */
| #define PACKAGE_NAME "ALTMiner"
| #define PACKAGE_TARNAME "altminer"
| #define PACKAGE_VERSION "0.5.4pre1"
| #define PACKAGE_STRING "ALTMiner 0.5.4pre1"
| #define PACKAGE_BUGREPORT ""
| #define PACKAGE_URL ""
| #define PACKAGE "altminer"
| #define VERSION "0.5.4pre1"
| #define STDC_HEADERS 1
| #define HAVE_SYS_TYPES_H 1
| #define HAVE_SYS_STAT_H 1
| #define HAVE_STDLIB_H 1
| #define HAVE_STRING_H 1
| #define HAVE_MEMORY_H 1
| #define HAVE_STRINGS_H 1
| #define HAVE_INTTYPES_H 1
| #define HAVE_STDINT_H 1
| #define HAVE_UNISTD_H 1
| #define __EXTENSIONS__ 1
| #define _ALL_SOURCE 1
| #define _GNU_SOURCE 1
| #define _POSIX_PTHREAD_SEMANTICS 1
| #define _TANDEM_SOURCE 1
| #define CGMINER_MAJOR_VERSION 0
| #define CGMINER_MINOR_VERSION 5
| #define CGMINER_MINOR_SUBVERSION 4pre1
| #define LT_OBJDIR ".libs/"
| #define HAVE_WCHAR_H 1
| #define HAVE_STDINT_H 1
| #define HAVE_MPROTECT 1
| #define HAVE_DECL_MEMMEM 0
| #define restrict __restrict
| #define uid_t int
| #define gid_t int
| #define HAVE_WCHAR_T 1
| #define HAVE_UNSIGNED_LONG_LONG_INT 1
| #define HAVE_LONG_LONG_INT 1
| #define HAVE_RAW_DECL_STRDUP 1
| #define HAVE_RAW_DECL_STRNCAT 1
| #define HAVE_RAW_DECL_STRPBRK 1
| #define GNULIB_TEST_MEMCHR 1
| #define GNULIB_TEST_MEMMEM 1
| #define GNULIB_TEST_SIGACTION 1
| /* end confdefs.h.  */
| #include <signal.h>
| 
| int
| main ()
| {
| #undef sigfillset
|   (void) sigfillset;
|   ;
|   return 0;
| }
configure:15141: result: no
configure:15115: checking whether sigismember is declared without a macro
configure:15133: gcc -c -O2 -msse2  conftest.c >&5
conftest.c: In function 'main':
conftest.c:52:10: error: 'sigismember' undeclared (first use in this function)
conftest.c:52:10: note: each undeclared identifier is reported only once for each function it appears in
configure:15133: $? = 1
configure: failed program was:
| /* confdefs.h */
| #define PACKAGE_NAME "ALTMiner"
| #define PACKAGE_TARNAME "altminer"
| #define PACKAGE_VERSION "0.5.4pre1"
| #define PACKAGE_STRING "ALTMiner 0.5.4pre1"
| #define PACKAGE_BUGREPORT ""
| #define PACKAGE_URL ""
| #define PACKAGE "altminer"
| #define VERSION "0.5.4pre1"
| #define STDC_HEADERS 1
| #define HAVE_SYS_TYPES_H 1
| #define HAVE_SYS_STAT_H 1
| #define HAVE_STDLIB_H 1
| #define HAVE_STRING_H 1
| #define HAVE_MEMORY_H 1
| #define HAVE_STRINGS_H 1
| #define HAVE_INTTYPES_H 1
| #define HAVE_STDINT_H 1
| #define HAVE_UNISTD_H 1
| #define __EXTENSIONS__ 1
| #define _ALL_SOURCE 1
| #define _GNU_SOURCE 1
| #define _POSIX_PTHREAD_SEMANTICS 1
| #define _TANDEM_SOURCE 1
| #define CGMINER_MAJOR_VERSION 0
| #define CGMINER_MINOR_VERSION 5
| #define CGMINER_MINOR_SUBVERSION 4pre1
| #define LT_OBJDIR ".libs/"
| #define HAVE_WCHAR_H 1
| #define HAVE_STDINT_H 1
| #define HAVE_MPROTECT 1
| #define HAVE_DECL_MEMMEM 0
| #define restrict __restrict
| #define uid_t int
| #define gid_t int
| #define HAVE_WCHAR_T 1
| #define HAVE_UNSIGNED_LONG_LONG_INT 1
| #define HAVE_LONG_LONG_INT 1
| #define HAVE_RAW_DECL_STRDUP 1
| #define HAVE_RAW_DECL_STRNCAT 1
| #define HAVE_RAW_DECL_STRPBRK 1
| #define GNULIB_TEST_MEMCHR 1
| #define GNULIB_TEST_MEMMEM 1
| #define GNULIB_TEST_SIGACTION 1
| /* end confdefs.h.  */
| #include <signal.h>
| 
| int
| main ()
| {
| #undef sigismember
|   (void) sigismember;
|   ;
|   return 0;
| }
configure:15141: result: no
configure:15115: checking whether sigpending is declared without a macro
configure:15133: gcc -c -O2 -msse2  conftest.c >&5
conftest.c: In function 'main':
conftest.c:52:10: error: 'sigpending' undeclared (first use in this function)
conftest.c:52:10: note: each undeclared identifier is reported only once for each function it appears in
configure:15133: $? = 1
configure: failed program was:
| /* confdefs.h */
| #define PACKAGE_NAME "ALTMiner"
| #define PACKAGE_TARNAME "altminer"
| #define PACKAGE_VERSION "0.5.4pre1"
| #define PACKAGE_STRING "ALTMiner 0.5.4pre1"
| #define PACKAGE_BUGREPORT ""
| #define PACKAGE_URL ""
| #define PACKAGE "altminer"
| #define VERSION "0.5.4pre1"
| #define STDC_HEADERS 1
| #define HAVE_SYS_TYPES_H 1
| #define HAVE_SYS_STAT_H 1
| #define HAVE_STDLIB_H 1
| #define HAVE_STRING_H 1
| #define HAVE_MEMORY_H 1
| #define HAVE_STRINGS_H 1
| #define HAVE_INTTYPES_H 1
| #define HAVE_STDINT_H 1
| #define HAVE_UNISTD_H 1
| #define __EXTENSIONS__ 1
| #define _ALL_SOURCE 1
| #define _GNU_SOURCE 1
| #define _POSIX_PTHREAD_SEMANTICS 1
| #define _TANDEM_SOURCE 1
| #define CGMINER_MAJOR_VERSION 0
| #define CGMINER_MINOR_VERSION 5
| #define CGMINER_MINOR_SUBVERSION 4pre1
| #define LT_OBJDIR ".libs/"
| #define HAVE_WCHAR_H 1
| #define HAVE_STDINT_H 1
| #define HAVE_MPROTECT 1
| #define HAVE_DECL_MEMMEM 0
| #define restrict __restrict
| #define uid_t int
| #define gid_t int
| #define HAVE_WCHAR_T 1
| #define HAVE_UNSIGNED_LONG_LONG_INT 1
| #define HAVE_LONG_LONG_INT 1
| #define HAVE_RAW_DECL_STRDUP 1
| #define HAVE_RAW_DECL_STRNCAT 1
| #define HAVE_RAW_DECL_STRPBRK 1
| #define GNULIB_TEST_MEMCHR 1
| #define GNULIB_TEST_MEMMEM 1
| #define GNULIB_TEST_SIGACTION 1
| /* end confdefs.h.  */
| #include <signal.h>
| 
| int
| main ()
| {
| #undef sigpending
|   (void) sigpending;
|   ;
|   return 0;
| }
configure:15141: result: no
configure:15115: checking whether sigprocmask is declared without a macro
configure:15133: gcc -c -O2 -msse2  conftest.c >&5
conftest.c: In function 'main':
conftest.c:52:10: error: 'sigprocmask' undeclared (first use in this function)
conftest.c:52:10: note: each undeclared identifier is reported only once for each function it appears in
configure:15133: $? = 1
configure: failed program was:
| /* confdefs.h */
| #define PACKAGE_NAME "ALTMiner"
| #define PACKAGE_TARNAME "altminer"
| #define PACKAGE_VERSION "0.5.4pre1"
| #define PACKAGE_STRING "ALTMiner 0.5.4pre1"
| #define PACKAGE_BUGREPORT ""
| #define PACKAGE_URL ""
| #define PACKAGE "altminer"
| #define VERSION "0.5.4pre1"
| #define STDC_HEADERS 1
| #define HAVE_SYS_TYPES_H 1
| #define HAVE_SYS_STAT_H 1
| #define HAVE_STDLIB_H 1
| #define HAVE_STRING_H 1
| #define HAVE_MEMORY_H 1
| #define HAVE_STRINGS_H 1
| #define HAVE_INTTYPES_H 1
| #define HAVE_STDINT_H 1
| #define HAVE_UNISTD_H 1
| #define __EXTENSIONS__ 1
| #define _ALL_SOURCE 1
| #define _GNU_SOURCE 1
| #define _POSIX_PTHREAD_SEMANTICS 1
| #define _TANDEM_SOURCE 1
| #define CGMINER_MAJOR_VERSION 0
| #define CGMINER_MINOR_VERSION 5
| #define CGMINER_MINOR_SUBVERSION 4pre1
| #define LT_OBJDIR ".libs/"
| #define HAVE_WCHAR_H 1
| #define HAVE_STDINT_H 1
| #define HAVE_MPROTECT 1
| #define HAVE_DECL_MEMMEM 0
| #define restrict __restrict
| #define uid_t int
| #define gid_t int
| #define HAVE_WCHAR_T 1
| #define HAVE_UNSIGNED_LONG_LONG_INT 1
| #define HAVE_LONG_LONG_INT 1
| #define HAVE_RAW_DECL_STRDUP 1
| #define HAVE_RAW_DECL_STRNCAT 1
| #define HAVE_RAW_DECL_STRPBRK 1
| #define GNULIB_TEST_MEMCHR 1
| #define GNULIB_TEST_MEMMEM 1
| #define GNULIB_TEST_SIGACTION 1
| /* end confdefs.h.  */
| #include <signal.h>
| 
| int
| main ()
| {
| #undef sigprocmask
|   (void) sigprocmask;
|   ;
|   return 0;
| }
configure:15141: result: no
configure:15193: checking for sigset_t
configure:15193: gcc -c -O2 -msse2  conftest.c >&5
configure:15193: $? = 0
configure:15193: gcc -c -O2 -msse2  conftest.c >&5
conftest.c: In function 'main':
conftest.c:53:23: error: expected expression before ')' token
configure:15193: $? = 1
configure: failed program was:
| /* confdefs.h */
| #define PACKAGE_NAME "ALTMiner"
| #define PACKAGE_TARNAME "altminer"
| #define PACKAGE_VERSION "0.5.4pre1"
| #define PACKAGE_STRING "ALTMiner 0.5.4pre1"
| #define PACKAGE_BUGREPORT ""
| #define PACKAGE_URL ""
| #define PACKAGE "altminer"
| #define VERSION "0.5.4pre1"
| #define STDC_HEADERS 1
| #define HAVE_SYS_TYPES_H 1
| #define HAVE_SYS_STAT_H 1
| #define HAVE_STDLIB_H 1
| #define HAVE_STRING_H 1
| #define HAVE_MEMORY_H 1
| #define HAVE_STRINGS_H 1
| #define HAVE_INTTYPES_H 1
| #define HAVE_STDINT_H 1
| #define HAVE_UNISTD_H 1
| #define __EXTENSIONS__ 1
| #define _ALL_SOURCE 1
| #define _GNU_SOURCE 1
| #define _POSIX_PTHREAD_SEMANTICS 1
| #define _TANDEM_SOURCE 1
| #define CGMINER_MAJOR_VERSION 0
| #define CGMINER_MINOR_VERSION 5
| #define CGMINER_MINOR_SUBVERSION 4pre1
| #define LT_OBJDIR ".libs/"
| #define HAVE_WCHAR_H 1
| #define HAVE_STDINT_H 1
| #define HAVE_MPROTECT 1
| #define HAVE_DECL_MEMMEM 0
| #define restrict __restrict
| #define uid_t int
| #define gid_t int
| #define HAVE_WCHAR_T 1
| #define HAVE_UNSIGNED_LONG_LONG_INT 1
| #define HAVE_LONG_LONG_INT 1
| #define HAVE_RAW_DECL_STRDUP 1
| #define HAVE_RAW_DECL_STRNCAT 1
| #define HAVE_RAW_DECL_STRPBRK 1
| #define GNULIB_TEST_MEMCHR 1
| #define GNULIB_TEST_MEMMEM 1
| #define GNULIB_TEST_SIGACTION 1
| /* end confdefs.h.  */
| #include <signal.h>
| /* Mingw defines sigset_t not in <signal.h>, but in <sys/types.h>.  */
| #include <sys/types.h>
| 
| int
| main ()
| {
| if (sizeof ((sigset_t)))
| 	    return 0;
|   ;
|   return 0;
| }
configure:15193: result: yes
configure:15237: checking whether NULL can be used in arbitrary expressions
configure:15255: gcc -c -O2 -msse2  conftest.c >&5
configure:15255: $? = 0
configure:15262: result: yes
configure:15377: checking for ANSI C header files
configure:15481: result: yes
configure:15491: checking syslog.h usability
configure:15491: gcc -c -O2 -msse2  conftest.c >&5
conftest.c:82:20: fatal error: syslog.h: No such file or directory
compilation terminated.
configure:15491: $? = 1
configure: failed program was:
| /* confdefs.h */
| #define PACKAGE_NAME "ALTMiner"
| #define PACKAGE_TARNAME "altminer"
| #define PACKAGE_VERSION "0.5.4pre1"
| #define PACKAGE_STRING "ALTMiner 0.5.4pre1"
| #define PACKAGE_BUGREPORT ""
| #define PACKAGE_URL ""
| #define PACKAGE "altminer"
| #define VERSION "0.5.4pre1"
| #define STDC_HEADERS 1
| #define HAVE_SYS_TYPES_H 1
| #define HAVE_SYS_STAT_H 1
| #define HAVE_STDLIB_H 1
| #define HAVE_STRING_H 1
| #define HAVE_MEMORY_H 1
| #define HAVE_STRINGS_H 1
| #define HAVE_INTTYPES_H 1
| #define HAVE_STDINT_H 1
| #define HAVE_UNISTD_H 1
| #define __EXTENSIONS__ 1
| #define _ALL_SOURCE 1
| #define _GNU_SOURCE 1
| #define _POSIX_PTHREAD_SEMANTICS 1
| #define _TANDEM_SOURCE 1
| #define CGMINER_MAJOR_VERSION 0
| #define CGMINER_MINOR_VERSION 5
| #define CGMINER_MINOR_SUBVERSION 4pre1
| #define LT_OBJDIR ".libs/"
| #define HAVE_WCHAR_H 1
| #define HAVE_STDINT_H 1
| #define HAVE_MPROTECT 1
| #define HAVE_DECL_MEMMEM 0
| #define restrict __restrict
| #define uid_t int
| #define gid_t int
| #define HAVE_WCHAR_T 1
| #define HAVE_UNSIGNED_LONG_LONG_INT 1
| #define HAVE_LONG_LONG_INT 1
| #define HAVE_RAW_DECL_STRDUP 1
| #define HAVE_RAW_DECL_STRNCAT 1
| #define HAVE_RAW_DECL_STRPBRK 1
| #define GNULIB_TEST_MEMCHR 1
| #define GNULIB_TEST_MEMMEM 1
| #define GNULIB_TEST_SIGACTION 1
| #define HAVE_SIGSET_T 1
| #define GNULIB_TEST_SIGPROCMASK 1
| #define STDC_HEADERS 1
| /* end confdefs.h.  */
| #include <stdio.h>
| #ifdef HAVE_SYS_TYPES_H
| # include <sys/types.h>
| #endif
| #ifdef HAVE_SYS_STAT_H
| # include <sys/stat.h>
| #endif
| #ifdef STDC_HEADERS
| # include <stdlib.h>
| # include <stddef.h>
| #else
| # ifdef HAVE_STDLIB_H
| #  include <stdlib.h>
| # endif
| #endif
| #ifdef HAVE_STRING_H
| # if !defined STDC_HEADERS && defined HAVE_MEMORY_H
| #  include <memory.h>
| # endif
| # include <string.h>
| #endif
| #ifdef HAVE_STRINGS_H
| # include <strings.h>
| #endif
| #ifdef HAVE_INTTYPES_H
| # include <inttypes.h>
| #endif
| #ifdef HAVE_STDINT_H
| # include <stdint.h>
| #endif
| #ifdef HAVE_UNISTD_H
| # include <unistd.h>
| #endif
| #include <syslog.h>
configure:15491: result: no
configure:15491: checking syslog.h presence
configure:15491: gcc -E  conftest.c
conftest.c:49:20: fatal error: syslog.h: No such file or directory
compilation terminated.
configure:15491: $? = 1
configure: failed program was:
| /* confdefs.h */
| #define PACKAGE_NAME "ALTMiner"
| #define PACKAGE_TARNAME "altminer"
| #define PACKAGE_VERSION "0.5.4pre1"
| #define PACKAGE_STRING "ALTMiner 0.5.4pre1"
| #define PACKAGE_BUGREPORT ""
| #define PACKAGE_URL ""
| #define PACKAGE "altminer"
| #define VERSION "0.5.4pre1"
| #define STDC_HEADERS 1
| #define HAVE_SYS_TYPES_H 1
| #define HAVE_SYS_STAT_H 1
| #define HAVE_STDLIB_H 1
| #define HAVE_STRING_H 1
| #define HAVE_MEMORY_H 1
| #define HAVE_STRINGS_H 1
| #define HAVE_INTTYPES_H 1
| #define HAVE_STDINT_H 1
| #define HAVE_UNISTD_H 1
| #define __EXTENSIONS__ 1
| #define _ALL_SOURCE 1
| #define _GNU_SOURCE 1
| #define _POSIX_PTHREAD_SEMANTICS 1
| #define _TANDEM_SOURCE 1
| #define CGMINER_MAJOR_VERSION 0
| #define CGMINER_MINOR_VERSION 5
| #define CGMINER_MINOR_SUBVERSION 4pre1
| #define LT_OBJDIR ".libs/"
| #define HAVE_WCHAR_H 1
| #define HAVE_STDINT_H 1
| #define HAVE_MPROTECT 1
| #define HAVE_DECL_MEMMEM 0
| #define restrict __restrict
| #define uid_t int
| #define gid_t int
| #define HAVE_WCHAR_T 1
| #define HAVE_UNSIGNED_LONG_LONG_INT 1
| #define HAVE_LONG_LONG_INT 1
| #define HAVE_RAW_DECL_STRDUP 1
| #define HAVE_RAW_DECL_STRNCAT 1
| #define HAVE_RAW_DECL_STRPBRK 1
| #define GNULIB_TEST_MEMCHR 1
| #define GNULIB_TEST_MEMMEM 1
| #define GNULIB_TEST_SIGACTION 1
| #define HAVE_SIGSET_T 1
| #define GNULIB_TEST_SIGPROCMASK 1
| #define STDC_HEADERS 1
| /* end confdefs.h.  */
| #include <syslog.h>
configure:15491: result: no
configure:15491: checking for syslog.h
configure:15491: result: no
configure:15502: checking for size_t
configure:15502: gcc -c -O2 -msse2  conftest.c >&5
configure:15502: $? = 0
configure:15502: gcc -c -O2 -msse2  conftest.c >&5
conftest.c: In function 'main':
conftest.c:85:21: error: expected expression before ')' token
configure:15502: $? = 1
configure: failed program was:
| /* confdefs.h */
| #define PACKAGE_NAME "ALTMiner"
| #define PACKAGE_TARNAME "altminer"
| #define PACKAGE_VERSION "0.5.4pre1"
| #define PACKAGE_STRING "ALTMiner 0.5.4pre1"
| #define PACKAGE_BUGREPORT ""
| #define PACKAGE_URL ""
| #define PACKAGE "altminer"
| #define VERSION "0.5.4pre1"
| #define STDC_HEADERS 1
| #define HAVE_SYS_TYPES_H 1
| #define HAVE_SYS_STAT_H 1
| #define HAVE_STDLIB_H 1
| #define HAVE_STRING_H 1
| #define HAVE_MEMORY_H 1
| #define HAVE_STRINGS_H 1
| #define HAVE_INTTYPES_H 1
| #define HAVE_STDINT_H 1
| #define HAVE_UNISTD_H 1
| #define __EXTENSIONS__ 1
| #define _ALL_SOURCE 1
| #define _GNU_SOURCE 1
| #define _POSIX_PTHREAD_SEMANTICS 1
| #define _TANDEM_SOURCE 1
| #define CGMINER_MAJOR_VERSION 0
| #define CGMINER_MINOR_VERSION 5
| #define CGMINER_MINOR_SUBVERSION 4pre1
| #define LT_OBJDIR ".libs/"
| #define HAVE_WCHAR_H 1
| #define HAVE_STDINT_H 1
| #define HAVE_MPROTECT 1
| #define HAVE_DECL_MEMMEM 0
| #define restrict __restrict
| #define uid_t int
| #define gid_t int
| #define HAVE_WCHAR_T 1
| #define HAVE_UNSIGNED_LONG_LONG_INT 1
| #define HAVE_LONG_LONG_INT 1
| #define HAVE_RAW_DECL_STRDUP 1
| #define HAVE_RAW_DECL_STRNCAT 1
| #define HAVE_RAW_DECL_STRPBRK 1
| #define GNULIB_TEST_MEMCHR 1
| #define GNULIB_TEST_MEMMEM 1
| #define GNULIB_TEST_SIGACTION 1
| #define HAVE_SIGSET_T 1
| #define GNULIB_TEST_SIGPROCMASK 1
| #define STDC_HEADERS 1
| /* end confdefs.h.  */
| #include <stdio.h>
| #ifdef HAVE_SYS_TYPES_H
| # include <sys/types.h>
| #endif
| #ifdef HAVE_SYS_STAT_H
| # include <sys/stat.h>
| #endif
| #ifdef STDC_HEADERS
| # include <stdlib.h>
| # include <stddef.h>
| #else
| # ifdef HAVE_STDLIB_H
| #  include <stdlib.h>
| # endif
| #endif
| #ifdef HAVE_STRING_H
| # if !defined STDC_HEADERS && defined HAVE_MEMORY_H
| #  include <memory.h>
| # endif
| # include <string.h>
| #endif
| #ifdef HAVE_STRINGS_H
| # include <strings.h>
| #endif
| #ifdef HAVE_INTTYPES_H
| # include <inttypes.h>
| #endif
| #ifdef HAVE_STDINT_H
| # include <stdint.h>
| #endif
| #ifdef HAVE_UNISTD_H
| # include <unistd.h>
| #endif